#
# There is insufficient memory for the Java Runtime Environment to continue.
# Native memory allocation (malloc) failed to allocate 1605776 bytes for Chunk::new
# Possible reasons:
#   The system is out of physical RAM or swap space
#   The process is running with CompressedOops enabled, and the Java Heap may be blocking the growth of the native heap
# Possible solutions:
#   Reduce memory load on the system
#   Increase physical memory or swap space
#   Check if swap backing store is full
#   Decrease Java heap size (-Xmx/-Xms)
#   Decrease number of Java threads
#   Decrease Java thread stack sizes (-Xss)
#   Set larger code cache with -XX:ReservedCodeCacheSize=
#   JVM is running with Unscaled Compressed Oops mode in which the Java heap is
#     placed in the first 4GB address space. The Java Heap base address is the
#     maximum limit for the native heap growth. Please use -XX:HeapBaseMinAddress
#     to set the Java Heap base and to place the Java Heap above 4GB virtual address.
# This output file may be truncated or incomplete.
#
#  Out of Memory Error (arena.cpp:189), pid=14536, tid=23604
#
# JRE version: Java(TM) SE Runtime Environment (17.0.8+9) (build 17.0.8+9-LTS-211)
# Java VM: Java HotSpot(TM) 64-Bit Server VM (17.0.8+9-LTS-211, mixed mode, sharing, tiered, compressed oops, compressed class ptrs, g1 gc, windows-amd64)
# No core dump will be written. Minidumps are not enabled by default on client versions of Windows
#

---------------  S U M M A R Y ------------

Command Line: --add-opens=java.base/java.lang=ALL-UNNAMED --add-opens=java.base/java.lang.invoke=ALL-UNNAMED --add-opens=java.base/java.util=ALL-UNNAMED --add-opens=java.prefs/java.util.prefs=ALL-UNNAMED --add-exports=jdk.compiler/com.sun.tools.javac.api=ALL-UNNAMED --add-exports=jdk.compiler/com.sun.tools.javac.util=ALL-UNNAMED --add-opens=java.base/java.util=ALL-UNNAMED --add-opens=java.prefs/java.util.prefs=ALL-UNNAMED --add-opens=java.base/java.nio.charset=ALL-UNNAMED --add-opens=java.base/java.net=ALL-UNNAMED --add-opens=java.base/java.util.concurrent.atomic=ALL-UNNAMED --add-opens=java.xml/javax.xml.namespace=ALL-UNNAMED -XX:MaxMetaspaceSize=384m -XX:+HeapDumpOnOutOfMemoryError -Xms256m -Xmx512m -Dfile.encoding=UTF-8 -Duser.country=IN -Duser.language=en -Duser.variant -javaagent:C:\Users\subin\.gradle\wrapper\dists\gradle-8.13-bin\5xuhj0ry160q40clulazy9h7d\gradle-8.13\lib\agents\gradle-instrumentation-agent-8.13.jar org.gradle.launcher.daemon.bootstrap.GradleDaemon 8.13

Host: 11th Gen Intel(R) Core(TM) i5-1135G7 @ 2.40GHz, 8 cores, 7G,  Windows 11 , 64 bit Build 26100 (10.0.26100.3775)
Time: Mon Apr 21 08:34:37 2025 W. Europe Daylight Time elapsed time: 12.840030 seconds (0d 0h 0m 12s)

---------------  T H R E A D  ---------------

Current thread (0x0000022b77fcb690):  JavaThread "C2 CompilerThread0" daemon [_thread_in_native, id=23604, stack(0x0000007ab3d00000,0x0000007ab3e00000)]


Current CompileTask:
C2:  12840 5870       4       groovy.lang.MetaClassImpl::addMetaMethodToIndex (65 bytes)

Stack: [0x0000007ab3d00000,0x0000007ab3e00000]
Native frames: (J=compiled Java code, j=interpreted, Vv=VM code, C=native code)
V  [jvm.dll+0x677d0a]
V  [jvm.dll+0x7d8c54]
V  [jvm.dll+0x7da3fe]
V  [jvm.dll+0x7daa63]
V  [jvm.dll+0x245c5f]
V  [jvm.dll+0xaaa6b]
V  [jvm.dll+0xab00c]
V  [jvm.dll+0x361e3f]
V  [jvm.dll+0x32c551]
V  [jvm.dll+0x32b9ea]
V  [jvm.dll+0x217fff]
V  [jvm.dll+0x217431]
V  [jvm.dll+0x1a3af0]
V  [jvm.dll+0x2270be]
V  [jvm.dll+0x22535b]
V  [jvm.dll+0x78e7bc]
V  [jvm.dll+0x788bba]
V  [jvm.dll+0x676b35]
C  [ucrtbase.dll+0x37b0]
C  [KERNEL32.DLL+0x2e8d7]
C  [ntdll.dll+0xb14fc]


---------------  P R O C E S S  ---------------

Threads class SMR info:
_java_thread_list=0x0000022b254a32d0, length=56, elements={
0x0000022b6bf13060, 0x0000022b77fb1580, 0x0000022b77fb2040, 0x0000022b77fc4b80,
0x0000022b77fc7450, 0x0000022b77fc9d20, 0x0000022b77fca5e0, 0x0000022b77fcb690,
0x0000022b77fd0d90, 0x0000022b7c118090, 0x0000022b7c213530, 0x0000022b7c2f0990,
0x0000022b7d773270, 0x0000022b7d62f470, 0x0000022b7df05440, 0x0000022b7dcdde60,
0x0000022b7d5e9030, 0x0000022b7e0a4070, 0x0000022b7df7f1a0, 0x0000022b7df7f670,
0x0000022b7df7fb40, 0x0000022b7df80010, 0x0000022b7e24f7f0, 0x0000022b7e24db10,
0x0000022b7e24dfe0, 0x0000022b7e24e4b0, 0x0000022b7e24fcc0, 0x0000022b7e250660,
0x0000022b7e250b30, 0x0000022b7e24e980, 0x0000022b7e24d170, 0x0000022b7e24d640,
0x0000022b7e24ee50, 0x0000022b7d71de50, 0x0000022b7d71d980, 0x0000022b7d7204d0,
0x0000022b7d721340, 0x0000022b7d71fb30, 0x0000022b7d721ce0, 0x0000022b7d7209a0,
0x0000022b7d722680, 0x0000022b7d71f190, 0x0000022b7d7251d0, 0x0000022b7d724d00,
0x0000022b7d724830, 0x0000022b7d724360, 0x0000022b7d723020, 0x0000022b7d7234f0,
0x0000022b7d7239c0, 0x0000022b7d723e90, 0x0000022b2548eed0, 0x0000022b25491080,
0x0000022b2548ea00, 0x0000022b2548fd40, 0x0000022b2548f870, 0x0000022b24eccf10
}

Java Threads: ( => current thread )
  0x0000022b6bf13060 JavaThread "main" [_thread_blocked, id=7680, stack(0x0000007ab3000000,0x0000007ab3100000)]
  0x0000022b77fb1580 JavaThread "Reference Handler" daemon [_thread_blocked, id=23556, stack(0x0000007ab3700000,0x0000007ab3800000)]
  0x0000022b77fb2040 JavaThread "Finalizer" daemon [_thread_blocked, id=1640, stack(0x0000007ab3800000,0x0000007ab3900000)]
  0x0000022b77fc4b80 JavaThread "Signal Dispatcher" daemon [_thread_blocked, id=1804, stack(0x0000007ab3900000,0x0000007ab3a00000)]
  0x0000022b77fc7450 JavaThread "Attach Listener" daemon [_thread_blocked, id=25416, stack(0x0000007ab3a00000,0x0000007ab3b00000)]
  0x0000022b77fc9d20 JavaThread "Service Thread" daemon [_thread_blocked, id=16088, stack(0x0000007ab3b00000,0x0000007ab3c00000)]
  0x0000022b77fca5e0 JavaThread "Monitor Deflation Thread" daemon [_thread_blocked, id=18728, stack(0x0000007ab3c00000,0x0000007ab3d00000)]
=>0x0000022b77fcb690 JavaThread "C2 CompilerThread0" daemon [_thread_in_native, id=23604, stack(0x0000007ab3d00000,0x0000007ab3e00000)]
  0x0000022b77fd0d90 JavaThread "C1 CompilerThread0" daemon [_thread_blocked, id=21076, stack(0x0000007ab3e00000,0x0000007ab3f00000)]
  0x0000022b7c118090 JavaThread "Sweeper thread" daemon [_thread_blocked, id=26316, stack(0x0000007ab3f00000,0x0000007ab4000000)]
  0x0000022b7c213530 JavaThread "Common-Cleaner" daemon [_thread_blocked, id=22240, stack(0x0000007ab4000000,0x0000007ab4100000)]
  0x0000022b7c2f0990 JavaThread "Notification Thread" daemon [_thread_blocked, id=8808, stack(0x0000007ab4100000,0x0000007ab4200000)]
  0x0000022b7d773270 JavaThread "Daemon health stats" [_thread_blocked, id=3624, stack(0x0000007ab4300000,0x0000007ab4400000)]
  0x0000022b7d62f470 JavaThread "Incoming local TCP Connector on port 62978" [_thread_in_native, id=11284, stack(0x0000007ab4a00000,0x0000007ab4b00000)]
  0x0000022b7df05440 JavaThread "Daemon periodic checks" [_thread_blocked, id=15156, stack(0x0000007ab4b00000,0x0000007ab4c00000)]
  0x0000022b7dcdde60 JavaThread "Daemon" [_thread_blocked, id=25920, stack(0x0000007ab4c00000,0x0000007ab4d00000)]
  0x0000022b7d5e9030 JavaThread "Handler for socket connection from /127.0.0.1:62978 to /127.0.0.1:62979" [_thread_in_native, id=27564, stack(0x0000007ab4d00000,0x0000007ab4e00000)]
  0x0000022b7e0a4070 JavaThread "Cancel handler" [_thread_blocked, id=24832, stack(0x0000007ab4e00000,0x0000007ab4f00000)]
  0x0000022b7df7f1a0 JavaThread "Daemon worker" [_thread_in_vm, id=8696, stack(0x0000007ab4f00000,0x0000007ab5000000)]
  0x0000022b7df7f670 JavaThread "Asynchronous log dispatcher for DefaultDaemonConnection: socket connection from /127.0.0.1:62978 to /127.0.0.1:62979" [_thread_blocked, id=9764, stack(0x0000007ab5000000,0x0000007ab5100000)]
  0x0000022b7df7fb40 JavaThread "Stdin handler" [_thread_blocked, id=8416, stack(0x0000007ab5100000,0x0000007ab5200000)]
  0x0000022b7df80010 JavaThread "Daemon client event forwarder" [_thread_blocked, id=16424, stack(0x0000007ab5200000,0x0000007ab5300000)]
  0x0000022b7e24f7f0 JavaThread "Cache worker for journal cache (C:\Users\subin\.gradle\caches\journal-1)" [_thread_blocked, id=3300, stack(0x0000007ab5400000,0x0000007ab5500000)]
  0x0000022b7e24db10 JavaThread "File lock request listener" [_thread_in_native, id=14868, stack(0x0000007ab5500000,0x0000007ab5600000)]
  0x0000022b7e24dfe0 JavaThread "Cache worker for file hash cache (C:\Users\subin\.gradle\caches\8.13\fileHashes)" [_thread_blocked, id=22728, stack(0x0000007ab5600000,0x0000007ab5700000)]
  0x0000022b7e24e4b0 JavaThread "Cache worker for file hash cache (D:\Downloads\Documents\workspace\test.driven\.gradle\8.13\fileHashes)" [_thread_blocked, id=25868, stack(0x0000007ab5800000,0x0000007ab5900000)]
  0x0000022b7e24fcc0 JavaThread "Cache worker for Build Output Cleanup Cache (D:\Downloads\Documents\workspace\test.driven\.gradle\buildOutputCleanup)" [_thread_blocked, id=21616, stack(0x0000007ab5900000,0x0000007ab5a00000)]
  0x0000022b7e250660 JavaThread "File watcher server" daemon [_thread_in_native, id=20348, stack(0x0000007ab5300000,0x0000007ab5400000)]
  0x0000022b7e250b30 JavaThread "File watcher consumer" daemon [_thread_blocked, id=18840, stack(0x0000007ab5700000,0x0000007ab5800000)]
  0x0000022b7e24e980 JavaThread "jar transforms" [_thread_blocked, id=21152, stack(0x0000007ab5d00000,0x0000007ab5e00000)]
  0x0000022b7e24d170 JavaThread "jar transforms Thread 2" [_thread_blocked, id=24224, stack(0x0000007ab5e00000,0x0000007ab5f00000)]
  0x0000022b7e24d640 JavaThread "jar transforms Thread 3" [_thread_blocked, id=7112, stack(0x0000007ab5f00000,0x0000007ab6000000)]
  0x0000022b7e24ee50 JavaThread "jar transforms Thread 4" [_thread_blocked, id=20052, stack(0x0000007ab6000000,0x0000007ab6100000)]
  0x0000022b7d71de50 JavaThread "jar transforms Thread 5" [_thread_blocked, id=15008, stack(0x0000007ab6100000,0x0000007ab6200000)]
  0x0000022b7d71d980 JavaThread "jar transforms Thread 6" [_thread_blocked, id=24192, stack(0x0000007ab6200000,0x0000007ab6300000)]
  0x0000022b7d7204d0 JavaThread "jar transforms Thread 7" [_thread_blocked, id=8180, stack(0x0000007ab6300000,0x0000007ab6400000)]
  0x0000022b7d721340 JavaThread "jar transforms Thread 8" [_thread_blocked, id=5676, stack(0x0000007ab6400000,0x0000007ab6500000)]
  0x0000022b7d71fb30 JavaThread "Cache worker for checksums cache (D:\Downloads\Documents\workspace\test.driven\.gradle\8.13\checksums)" [_thread_blocked, id=3136, stack(0x0000007ab6600000,0x0000007ab6700000)]
  0x0000022b7d721ce0 JavaThread "Cache worker for file content cache (C:\Users\subin\.gradle\caches\8.13\fileContent)" [_thread_blocked, id=22512, stack(0x0000007ab6700000,0x0000007ab6800000)]
  0x0000022b7d7209a0 JavaThread "Cache worker for cache directory md-supplier (C:\Users\subin\.gradle\caches\8.13\md-supplier)" [_thread_blocked, id=23232, stack(0x0000007ab6800000,0x0000007ab6900000)]
  0x0000022b7d722680 JavaThread "Cache worker for cache directory md-rule (C:\Users\subin\.gradle\caches\8.13\md-rule)" [_thread_blocked, id=13656, stack(0x0000007ab6900000,0x0000007ab6a00000)]
  0x0000022b7d71f190 JavaThread "Unconstrained build operations" [_thread_blocked, id=19140, stack(0x0000007ab6a00000,0x0000007ab6b00000)]
  0x0000022b7d7251d0 JavaThread "Unconstrained build operations Thread 2" [_thread_blocked, id=3884, stack(0x0000007ab6b00000,0x0000007ab6c00000)]
  0x0000022b7d724d00 JavaThread "Unconstrained build operations Thread 3" [_thread_blocked, id=27316, stack(0x0000007ab6c00000,0x0000007ab6d00000)]
  0x0000022b7d724830 JavaThread "Unconstrained build operations Thread 4" [_thread_blocked, id=24452, stack(0x0000007ab6d00000,0x0000007ab6e00000)]
  0x0000022b7d724360 JavaThread "Unconstrained build operations Thread 5" [_thread_blocked, id=18436, stack(0x0000007ab6e00000,0x0000007ab6f00000)]
  0x0000022b7d723020 JavaThread "Unconstrained build operations Thread 6" [_thread_blocked, id=18148, stack(0x0000007ab6f00000,0x0000007ab7000000)]
  0x0000022b7d7234f0 JavaThread "Unconstrained build operations Thread 7" [_thread_blocked, id=22816, stack(0x0000007ab7000000,0x0000007ab7100000)]
  0x0000022b7d7239c0 JavaThread "Unconstrained build operations Thread 8" [_thread_blocked, id=21484, stack(0x0000007ab7100000,0x0000007ab7200000)]
  0x0000022b7d723e90 JavaThread "Unconstrained build operations Thread 9" [_thread_blocked, id=25908, stack(0x0000007ab7200000,0x0000007ab7300000)]
  0x0000022b2548eed0 JavaThread "Unconstrained build operations Thread 10" [_thread_blocked, id=26612, stack(0x0000007ab7300000,0x0000007ab7400000)]
  0x0000022b25491080 JavaThread "Unconstrained build operations Thread 11" [_thread_blocked, id=18536, stack(0x0000007ab7400000,0x0000007ab7500000)]
  0x0000022b2548ea00 JavaThread "Unconstrained build operations Thread 12" [_thread_blocked, id=26868, stack(0x0000007ab7500000,0x0000007ab7600000)]
  0x0000022b2548fd40 JavaThread "Unconstrained build operations Thread 13" [_thread_blocked, id=26260, stack(0x0000007ab7600000,0x0000007ab7700000)]
  0x0000022b2548f870 JavaThread "Unconstrained build operations Thread 14" [_thread_blocked, id=7332, stack(0x0000007ab7700000,0x0000007ab7800000)]
  0x0000022b24eccf10 JavaThread "C2 CompilerThread1" daemon [_thread_in_native, id=19260, stack(0x0000007ab6500000,0x0000007ab6600000)]

Other Threads:
  0x0000022b77fb0050 VMThread "VM Thread" [stack: 0x0000007ab3600000,0x0000007ab3700000] [id=24896]
  0x0000022b6bf13b20 WatcherThread [stack: 0x0000007ab4200000,0x0000007ab4300000] [id=6708]
  0x0000022b6bf42a50 GCTaskThread "GC Thread#0" [stack: 0x0000007ab3100000,0x0000007ab3200000] [id=22988]
  0x0000022b7c8de0d0 GCTaskThread "GC Thread#1" [stack: 0x0000007ab4500000,0x0000007ab4600000] [id=11572]
  0x0000022b7c8de380 GCTaskThread "GC Thread#2" [stack: 0x0000007ab4600000,0x0000007ab4700000] [id=27272]
  0x0000022b7c8de630 GCTaskThread "GC Thread#3" [stack: 0x0000007ab4700000,0x0000007ab4800000] [id=6528]
  0x0000022b7c8de8e0 GCTaskThread "GC Thread#4" [stack: 0x0000007ab4800000,0x0000007ab4900000] [id=14284]
  0x0000022b7c762fc0 GCTaskThread "GC Thread#5" [stack: 0x0000007ab4900000,0x0000007ab4a00000] [id=27124]
  0x0000022b25c4f890 GCTaskThread "GC Thread#6" [stack: 0x0000007ab5a00000,0x0000007ab5b00000] [id=24128]
  0x0000022b25adc030 GCTaskThread "GC Thread#7" [stack: 0x0000007ab5b00000,0x0000007ab5c00000] [id=24156]
  0x0000022b6bf48750 ConcurrentGCThread "G1 Main Marker" [stack: 0x0000007ab3200000,0x0000007ab3300000] [id=23980]
  0x0000022b6bf4a220 ConcurrentGCThread "G1 Conc#0" [stack: 0x0000007ab3300000,0x0000007ab3400000] [id=9968]
  0x0000022b7e3c7b20 ConcurrentGCThread "G1 Conc#1" [stack: 0x0000007ab5c00000,0x0000007ab5d00000] [id=23824]
  0x0000022b6bfdd8b0 ConcurrentGCThread "G1 Refine#0" [stack: 0x0000007ab3400000,0x0000007ab3500000] [id=4900]
  0x0000022b7d0d9010 ConcurrentGCThread "G1 Refine#1" [stack: 0x0000007ab4400000,0x0000007ab4500000] [id=25064]
  0x0000022b6bfde080 ConcurrentGCThread "G1 Service" [stack: 0x0000007ab3500000,0x0000007ab3600000] [id=15328]

Threads with active compile tasks:
C2 CompilerThread0    12923 5870       4       groovy.lang.MetaClassImpl::addMetaMethodToIndex (65 bytes)
C2 CompilerThread1    12923 5927       4       java.util.regex.Pattern::compile (500 bytes)

VM state: not at safepoint (normal execution)

VM Mutex/Monitor currently owned by a thread: None

Heap address: 0x00000000e0000000, size: 512 MB, Compressed Oops mode: 32-bit

CDS archive(s) mapped at: [0x0000022b0f000000-0x0000022b0fbd0000-0x0000022b0fbd0000), size 12386304, SharedBaseAddress: 0x0000022b0f000000, ArchiveRelocationMode: 1.
Compressed class space mapped at: 0x0000022b10000000-0x0000022b24000000, reserved size: 335544320
Narrow klass base: 0x0000022b0f000000, Narrow klass shift: 0, Narrow klass range: 0x100000000

GC Precious Log:
 CPUs: 8 total, 8 available
 Memory: 7914M
 Large Page Support: Disabled
 NUMA Support: Disabled
 Compressed Oops: Enabled (32-bit)
 Heap Region Size: 1M
 Heap Min Capacity: 256M
 Heap Initial Capacity: 256M
 Heap Max Capacity: 512M
 Pre-touch: Disabled
 Parallel Workers: 8
 Concurrent Workers: 2
 Concurrent Refinement Workers: 8
 Periodic GC: Disabled

Heap:
 garbage-first heap   total 262144K, used 111858K [0x00000000e0000000, 0x0000000100000000)
  region size 1024K, 54 young (55296K), 10 survivors (10240K)
 Metaspace       used 53794K, committed 54400K, reserved 393216K
  class space    used 7637K, committed 7872K, reserved 327680K

Heap Regions: E=young(eden), S=young(survivor), O=old, HS=humongous(starts), HC=humongous(continues), CS=collection set, F=free, OA=open archive, CA=closed archive, TAMS=top-at-mark-start (previous, next)
|   0|0x00000000e0000000, 0x00000000e0100000, 0x00000000e0100000|100%|HS|  |TAMS 0x00000000e0100000, 0x00000000e0000000| Complete 
|   1|0x00000000e0100000, 0x00000000e0200000, 0x00000000e0200000|100%|HC|  |TAMS 0x00000000e0200000, 0x00000000e0100000| Complete 
|   2|0x00000000e0200000, 0x00000000e0300000, 0x00000000e0300000|100%|HC|  |TAMS 0x00000000e0300000, 0x00000000e0200000| Complete 
|   3|0x00000000e0300000, 0x00000000e0400000, 0x00000000e0400000|100%| O|  |TAMS 0x00000000e0400000, 0x00000000e0300000| Untracked 
|   4|0x00000000e0400000, 0x00000000e0500000, 0x00000000e0500000|100%| O|  |TAMS 0x00000000e0500000, 0x00000000e0400000| Untracked 
|   5|0x00000000e0500000, 0x00000000e0600000, 0x00000000e0600000|100%| O|  |TAMS 0x00000000e0600000, 0x00000000e0500000| Untracked 
|   6|0x00000000e0600000, 0x00000000e0700000, 0x00000000e0700000|100%|HS|  |TAMS 0x00000000e0700000, 0x00000000e0600000| Complete 
|   7|0x00000000e0700000, 0x00000000e0800000, 0x00000000e0800000|100%| O|  |TAMS 0x00000000e0800000, 0x00000000e0700000| Untracked 
|   8|0x00000000e0800000, 0x00000000e0900000, 0x00000000e0900000|100%| O|  |TAMS 0x00000000e0900000, 0x00000000e0800000| Untracked 
|   9|0x00000000e0900000, 0x00000000e0900000, 0x00000000e0a00000|  0%| F|  |TAMS 0x00000000e0900000, 0x00000000e0900000| Untracked 
|  10|0x00000000e0a00000, 0x00000000e0b00000, 0x00000000e0b00000|100%| O|  |TAMS 0x00000000e0b00000, 0x00000000e0a00000| Untracked 
|  11|0x00000000e0b00000, 0x00000000e0c00000, 0x00000000e0c00000|100%| O|  |TAMS 0x00000000e0c00000, 0x00000000e0b00000| Untracked 
|  12|0x00000000e0c00000, 0x00000000e0d00000, 0x00000000e0d00000|100%| O|  |TAMS 0x00000000e0d00000, 0x00000000e0c00000| Untracked 
|  13|0x00000000e0d00000, 0x00000000e0e00000, 0x00000000e0e00000|100%|HS|  |TAMS 0x00000000e0e00000, 0x00000000e0d00000| Complete 
|  14|0x00000000e0e00000, 0x00000000e0f00000, 0x00000000e0f00000|100%|HC|  |TAMS 0x00000000e0f00000, 0x00000000e0e00000| Complete 
|  15|0x00000000e0f00000, 0x00000000e1000000, 0x00000000e1000000|100%|HC|  |TAMS 0x00000000e1000000, 0x00000000e0f00000| Complete 
|  16|0x00000000e1000000, 0x00000000e1100000, 0x00000000e1100000|100%|HC|  |TAMS 0x00000000e1100000, 0x00000000e1000000| Complete 
|  17|0x00000000e1100000, 0x00000000e1200000, 0x00000000e1200000|100%|HC|  |TAMS 0x00000000e1200000, 0x00000000e1100000| Complete 
|  18|0x00000000e1200000, 0x00000000e1300000, 0x00000000e1300000|100%|HC|  |TAMS 0x00000000e1300000, 0x00000000e1200000| Complete 
|  19|0x00000000e1300000, 0x00000000e1400000, 0x00000000e1400000|100%|HS|  |TAMS 0x00000000e1400000, 0x00000000e1300000| Complete 
|  20|0x00000000e1400000, 0x00000000e1500000, 0x00000000e1500000|100%|HC|  |TAMS 0x00000000e1500000, 0x00000000e1400000| Complete 
|  21|0x00000000e1500000, 0x00000000e1600000, 0x00000000e1600000|100%|HC|  |TAMS 0x00000000e1600000, 0x00000000e1500000| Complete 
|  22|0x00000000e1600000, 0x00000000e1700000, 0x00000000e1700000|100%|HS|  |TAMS 0x00000000e1700000, 0x00000000e1600000| Complete 
|  23|0x00000000e1700000, 0x00000000e1800000, 0x00000000e1800000|100%|HC|  |TAMS 0x00000000e1800000, 0x00000000e1700000| Complete 
|  24|0x00000000e1800000, 0x00000000e1900000, 0x00000000e1900000|100%| O|  |TAMS 0x00000000e1900000, 0x00000000e1800000| Untracked 
|  25|0x00000000e1900000, 0x00000000e1a00000, 0x00000000e1a00000|100%| O|  |TAMS 0x00000000e1a00000, 0x00000000e1900000| Untracked 
|  26|0x00000000e1a00000, 0x00000000e1b00000, 0x00000000e1b00000|100%| O|  |TAMS 0x00000000e1b00000, 0x00000000e1a00000| Untracked 
|  27|0x00000000e1b00000, 0x00000000e1c00000, 0x00000000e1c00000|100%| O|  |TAMS 0x00000000e1c00000, 0x00000000e1b00000| Untracked 
|  28|0x00000000e1c00000, 0x00000000e1d00000, 0x00000000e1d00000|100%| O|  |TAMS 0x00000000e1d00000, 0x00000000e1c00000| Untracked 
|  29|0x00000000e1d00000, 0x00000000e1e00000, 0x00000000e1e00000|100%| O|  |TAMS 0x00000000e1e00000, 0x00000000e1d00000| Untracked 
|  30|0x00000000e1e00000, 0x00000000e1f00000, 0x00000000e1f00000|100%| O|  |TAMS 0x00000000e1f00000, 0x00000000e1e00000| Untracked 
|  31|0x00000000e1f00000, 0x00000000e2000000, 0x00000000e2000000|100%| O|  |TAMS 0x00000000e2000000, 0x00000000e1f00000| Untracked 
|  32|0x00000000e2000000, 0x00000000e2100000, 0x00000000e2100000|100%| O|  |TAMS 0x00000000e2100000, 0x00000000e2000000| Untracked 
|  33|0x00000000e2100000, 0x00000000e2200000, 0x00000000e2200000|100%| O|  |TAMS 0x00000000e2200000, 0x00000000e2100000| Untracked 
|  34|0x00000000e2200000, 0x00000000e2300000, 0x00000000e2300000|100%| O|  |TAMS 0x00000000e2300000, 0x00000000e2200000| Untracked 
|  35|0x00000000e2300000, 0x00000000e2400000, 0x00000000e2400000|100%| O|  |TAMS 0x00000000e2400000, 0x00000000e2300000| Untracked 
|  36|0x00000000e2400000, 0x00000000e2500000, 0x00000000e2500000|100%| O|  |TAMS 0x00000000e2500000, 0x00000000e2400000| Untracked 
|  37|0x00000000e2500000, 0x00000000e2600000, 0x00000000e2600000|100%| O|  |TAMS 0x00000000e2600000, 0x00000000e2500000| Untracked 
|  38|0x00000000e2600000, 0x00000000e2700000, 0x00000000e2700000|100%| O|  |TAMS 0x00000000e2700000, 0x00000000e2600000| Untracked 
|  39|0x00000000e2700000, 0x00000000e2800000, 0x00000000e2800000|100%| O|  |TAMS 0x00000000e2800000, 0x00000000e2700000| Untracked 
|  40|0x00000000e2800000, 0x00000000e2900000, 0x00000000e2900000|100%| O|  |TAMS 0x00000000e2900000, 0x00000000e2800000| Untracked 
|  41|0x00000000e2900000, 0x00000000e2a00000, 0x00000000e2a00000|100%| O|  |TAMS 0x00000000e2a00000, 0x00000000e2900000| Untracked 
|  42|0x00000000e2a00000, 0x00000000e2b00000, 0x00000000e2b00000|100%| O|  |TAMS 0x00000000e2b00000, 0x00000000e2a00000| Untracked 
|  43|0x00000000e2b00000, 0x00000000e2c00000, 0x00000000e2c00000|100%| O|  |TAMS 0x00000000e2c00000, 0x00000000e2b00000| Untracked 
|  44|0x00000000e2c00000, 0x00000000e2c27a00, 0x00000000e2d00000| 15%| O|  |TAMS 0x00000000e2c27a00, 0x00000000e2c00000| Untracked 
|  45|0x00000000e2d00000, 0x00000000e2e00000, 0x00000000e2e00000|100%|HS|  |TAMS 0x00000000e2d00000, 0x00000000e2d00000| Complete 
|  46|0x00000000e2e00000, 0x00000000e2f00000, 0x00000000e2f00000|100%|HC|  |TAMS 0x00000000e2e00000, 0x00000000e2e00000| Complete 
|  47|0x00000000e2f00000, 0x00000000e3000000, 0x00000000e3000000|100%|HS|  |TAMS 0x00000000e2f00000, 0x00000000e2f00000| Complete 
|  48|0x00000000e3000000, 0x00000000e3100000, 0x00000000e3100000|100%|HC|  |TAMS 0x00000000e3000000, 0x00000000e3000000| Complete 
|  49|0x00000000e3100000, 0x00000000e3200000, 0x00000000e3200000|100%|HC|  |TAMS 0x00000000e3100000, 0x00000000e3100000| Complete 
|  50|0x00000000e3200000, 0x00000000e3300000, 0x00000000e3300000|100%|HC|  |TAMS 0x00000000e3200000, 0x00000000e3200000| Complete 
|  51|0x00000000e3300000, 0x00000000e3400000, 0x00000000e3400000|100%|HC|  |TAMS 0x00000000e3300000, 0x00000000e3300000| Complete 
|  52|0x00000000e3400000, 0x00000000e3500000, 0x00000000e3500000|100%|HC|  |TAMS 0x00000000e3400000, 0x00000000e3400000| Complete 
|  53|0x00000000e3500000, 0x00000000e3600000, 0x00000000e3600000|100%|HS|  |TAMS 0x00000000e3500000, 0x00000000e3500000| Complete 
|  54|0x00000000e3600000, 0x00000000e3700000, 0x00000000e3700000|100%|HC|  |TAMS 0x00000000e3600000, 0x00000000e3600000| Complete 
|  55|0x00000000e3700000, 0x00000000e3800000, 0x00000000e3800000|100%|HC|  |TAMS 0x00000000e3700000, 0x00000000e3700000| Complete 
|  56|0x00000000e3800000, 0x00000000e3900000, 0x00000000e3900000|100%|HC|  |TAMS 0x00000000e3800000, 0x00000000e3800000| Complete 
|  57|0x00000000e3900000, 0x00000000e3a00000, 0x00000000e3a00000|100%|HC|  |TAMS 0x00000000e3900000, 0x00000000e3900000| Complete 
|  58|0x00000000e3a00000, 0x00000000e3b00000, 0x00000000e3b00000|100%|HC|  |TAMS 0x00000000e3a00000, 0x00000000e3a00000| Complete 
|  59|0x00000000e3b00000, 0x00000000e3b00000, 0x00000000e3c00000|  0%| F|  |TAMS 0x00000000e3b00000, 0x00000000e3b00000| Untracked 
|  60|0x00000000e3c00000, 0x00000000e3c00000, 0x00000000e3d00000|  0%| F|  |TAMS 0x00000000e3c00000, 0x00000000e3c00000| Untracked 
|  61|0x00000000e3d00000, 0x00000000e3d00000, 0x00000000e3e00000|  0%| F|  |TAMS 0x00000000e3d00000, 0x00000000e3d00000| Untracked 
|  62|0x00000000e3e00000, 0x00000000e3e00000, 0x00000000e3f00000|  0%| F|  |TAMS 0x00000000e3e00000, 0x00000000e3e00000| Untracked 
|  63|0x00000000e3f00000, 0x00000000e3f00000, 0x00000000e4000000|  0%| F|  |TAMS 0x00000000e3f00000, 0x00000000e3f00000| Untracked 
|  64|0x00000000e4000000, 0x00000000e4000000, 0x00000000e4100000|  0%| F|  |TAMS 0x00000000e4000000, 0x00000000e4000000| Untracked 
|  65|0x00000000e4100000, 0x00000000e4100000, 0x00000000e4200000|  0%| F|  |TAMS 0x00000000e4100000, 0x00000000e4100000| Untracked 
|  66|0x00000000e4200000, 0x00000000e4200000, 0x00000000e4300000|  0%| F|  |TAMS 0x00000000e4200000, 0x00000000e4200000| Untracked 
|  67|0x00000000e4300000, 0x00000000e4300000, 0x00000000e4400000|  0%| F|  |TAMS 0x00000000e4300000, 0x00000000e4300000| Untracked 
|  68|0x00000000e4400000, 0x00000000e4400000, 0x00000000e4500000|  0%| F|  |TAMS 0x00000000e4400000, 0x00000000e4400000| Untracked 
|  69|0x00000000e4500000, 0x00000000e4500000, 0x00000000e4600000|  0%| F|  |TAMS 0x00000000e4500000, 0x00000000e4500000| Untracked 
|  70|0x00000000e4600000, 0x00000000e4600000, 0x00000000e4700000|  0%| F|  |TAMS 0x00000000e4600000, 0x00000000e4600000| Untracked 
|  71|0x00000000e4700000, 0x00000000e4700000, 0x00000000e4800000|  0%| F|  |TAMS 0x00000000e4700000, 0x00000000e4700000| Untracked 
|  72|0x00000000e4800000, 0x00000000e4800000, 0x00000000e4900000|  0%| F|  |TAMS 0x00000000e4800000, 0x00000000e4800000| Untracked 
|  73|0x00000000e4900000, 0x00000000e4900000, 0x00000000e4a00000|  0%| F|  |TAMS 0x00000000e4900000, 0x00000000e4900000| Untracked 
|  74|0x00000000e4a00000, 0x00000000e4a00000, 0x00000000e4b00000|  0%| F|  |TAMS 0x00000000e4a00000, 0x00000000e4a00000| Untracked 
|  75|0x00000000e4b00000, 0x00000000e4b00000, 0x00000000e4c00000|  0%| F|  |TAMS 0x00000000e4b00000, 0x00000000e4b00000| Untracked 
|  76|0x00000000e4c00000, 0x00000000e4c00000, 0x00000000e4d00000|  0%| F|  |TAMS 0x00000000e4c00000, 0x00000000e4c00000| Untracked 
|  77|0x00000000e4d00000, 0x00000000e4d00000, 0x00000000e4e00000|  0%| F|  |TAMS 0x00000000e4d00000, 0x00000000e4d00000| Untracked 
|  78|0x00000000e4e00000, 0x00000000e4e00000, 0x00000000e4f00000|  0%| F|  |TAMS 0x00000000e4e00000, 0x00000000e4e00000| Untracked 
|  79|0x00000000e4f00000, 0x00000000e4f00000, 0x00000000e5000000|  0%| F|  |TAMS 0x00000000e4f00000, 0x00000000e4f00000| Untracked 
|  80|0x00000000e5000000, 0x00000000e5000000, 0x00000000e5100000|  0%| F|  |TAMS 0x00000000e5000000, 0x00000000e5000000| Untracked 
|  81|0x00000000e5100000, 0x00000000e5100000, 0x00000000e5200000|  0%| F|  |TAMS 0x00000000e5100000, 0x00000000e5100000| Untracked 
|  82|0x00000000e5200000, 0x00000000e5200000, 0x00000000e5300000|  0%| F|  |TAMS 0x00000000e5200000, 0x00000000e5200000| Untracked 
|  83|0x00000000e5300000, 0x00000000e5300000, 0x00000000e5400000|  0%| F|  |TAMS 0x00000000e5300000, 0x00000000e5300000| Untracked 
|  84|0x00000000e5400000, 0x00000000e5400000, 0x00000000e5500000|  0%| F|  |TAMS 0x00000000e5400000, 0x00000000e5400000| Untracked 
|  85|0x00000000e5500000, 0x00000000e5500000, 0x00000000e5600000|  0%| F|  |TAMS 0x00000000e5500000, 0x00000000e5500000| Untracked 
|  86|0x00000000e5600000, 0x00000000e5600000, 0x00000000e5700000|  0%| F|  |TAMS 0x00000000e5600000, 0x00000000e5600000| Untracked 
|  87|0x00000000e5700000, 0x00000000e5700000, 0x00000000e5800000|  0%| F|  |TAMS 0x00000000e5700000, 0x00000000e5700000| Untracked 
|  88|0x00000000e5800000, 0x00000000e5800000, 0x00000000e5900000|  0%| F|  |TAMS 0x00000000e5800000, 0x00000000e5800000| Untracked 
|  89|0x00000000e5900000, 0x00000000e5900000, 0x00000000e5a00000|  0%| F|  |TAMS 0x00000000e5900000, 0x00000000e5900000| Untracked 
|  90|0x00000000e5a00000, 0x00000000e5a00000, 0x00000000e5b00000|  0%| F|  |TAMS 0x00000000e5a00000, 0x00000000e5a00000| Untracked 
|  91|0x00000000e5b00000, 0x00000000e5b00000, 0x00000000e5c00000|  0%| F|  |TAMS 0x00000000e5b00000, 0x00000000e5b00000| Untracked 
|  92|0x00000000e5c00000, 0x00000000e5c00000, 0x00000000e5d00000|  0%| F|  |TAMS 0x00000000e5c00000, 0x00000000e5c00000| Untracked 
|  93|0x00000000e5d00000, 0x00000000e5d00000, 0x00000000e5e00000|  0%| F|  |TAMS 0x00000000e5d00000, 0x00000000e5d00000| Untracked 
|  94|0x00000000e5e00000, 0x00000000e5e00000, 0x00000000e5f00000|  0%| F|  |TAMS 0x00000000e5e00000, 0x00000000e5e00000| Untracked 
|  95|0x00000000e5f00000, 0x00000000e5f00000, 0x00000000e6000000|  0%| F|  |TAMS 0x00000000e5f00000, 0x00000000e5f00000| Untracked 
|  96|0x00000000e6000000, 0x00000000e6000000, 0x00000000e6100000|  0%| F|  |TAMS 0x00000000e6000000, 0x00000000e6000000| Untracked 
|  97|0x00000000e6100000, 0x00000000e6100000, 0x00000000e6200000|  0%| F|  |TAMS 0x00000000e6100000, 0x00000000e6100000| Untracked 
|  98|0x00000000e6200000, 0x00000000e6200000, 0x00000000e6300000|  0%| F|  |TAMS 0x00000000e6200000, 0x00000000e6200000| Untracked 
|  99|0x00000000e6300000, 0x00000000e6300000, 0x00000000e6400000|  0%| F|  |TAMS 0x00000000e6300000, 0x00000000e6300000| Untracked 
| 100|0x00000000e6400000, 0x00000000e6400000, 0x00000000e6500000|  0%| F|  |TAMS 0x00000000e6400000, 0x00000000e6400000| Untracked 
| 101|0x00000000e6500000, 0x00000000e6500000, 0x00000000e6600000|  0%| F|  |TAMS 0x00000000e6500000, 0x00000000e6500000| Untracked 
| 102|0x00000000e6600000, 0x00000000e6600000, 0x00000000e6700000|  0%| F|  |TAMS 0x00000000e6600000, 0x00000000e6600000| Untracked 
| 103|0x00000000e6700000, 0x00000000e6700000, 0x00000000e6800000|  0%| F|  |TAMS 0x00000000e6700000, 0x00000000e6700000| Untracked 
| 104|0x00000000e6800000, 0x00000000e6800000, 0x00000000e6900000|  0%| F|  |TAMS 0x00000000e6800000, 0x00000000e6800000| Untracked 
| 105|0x00000000e6900000, 0x00000000e6900000, 0x00000000e6a00000|  0%| F|  |TAMS 0x00000000e6900000, 0x00000000e6900000| Untracked 
| 106|0x00000000e6a00000, 0x00000000e6a00000, 0x00000000e6b00000|  0%| F|  |TAMS 0x00000000e6a00000, 0x00000000e6a00000| Untracked 
| 107|0x00000000e6b00000, 0x00000000e6b00000, 0x00000000e6c00000|  0%| F|  |TAMS 0x00000000e6b00000, 0x00000000e6b00000| Untracked 
| 108|0x00000000e6c00000, 0x00000000e6c00000, 0x00000000e6d00000|  0%| F|  |TAMS 0x00000000e6c00000, 0x00000000e6c00000| Untracked 
| 109|0x00000000e6d00000, 0x00000000e6d00000, 0x00000000e6e00000|  0%| F|  |TAMS 0x00000000e6d00000, 0x00000000e6d00000| Untracked 
| 110|0x00000000e6e00000, 0x00000000e6e00000, 0x00000000e6f00000|  0%| F|  |TAMS 0x00000000e6e00000, 0x00000000e6e00000| Untracked 
| 111|0x00000000e6f00000, 0x00000000e6f00000, 0x00000000e7000000|  0%| F|  |TAMS 0x00000000e6f00000, 0x00000000e6f00000| Untracked 
| 112|0x00000000e7000000, 0x00000000e7000000, 0x00000000e7100000|  0%| F|  |TAMS 0x00000000e7000000, 0x00000000e7000000| Untracked 
| 113|0x00000000e7100000, 0x00000000e7100000, 0x00000000e7200000|  0%| F|  |TAMS 0x00000000e7100000, 0x00000000e7100000| Untracked 
| 114|0x00000000e7200000, 0x00000000e7215168, 0x00000000e7300000|  8%| S|CS|TAMS 0x00000000e7200000, 0x00000000e7200000| Complete 
| 115|0x00000000e7300000, 0x00000000e7400000, 0x00000000e7400000|100%| S|CS|TAMS 0x00000000e7300000, 0x00000000e7300000| Complete 
| 116|0x00000000e7400000, 0x00000000e7500000, 0x00000000e7500000|100%| S|CS|TAMS 0x00000000e7400000, 0x00000000e7400000| Complete 
| 117|0x00000000e7500000, 0x00000000e7600000, 0x00000000e7600000|100%| S|CS|TAMS 0x00000000e7500000, 0x00000000e7500000| Complete 
| 118|0x00000000e7600000, 0x00000000e7700000, 0x00000000e7700000|100%| S|CS|TAMS 0x00000000e7600000, 0x00000000e7600000| Complete 
| 119|0x00000000e7700000, 0x00000000e7800000, 0x00000000e7800000|100%| S|CS|TAMS 0x00000000e7700000, 0x00000000e7700000| Complete 
| 120|0x00000000e7800000, 0x00000000e7900000, 0x00000000e7900000|100%| S|CS|TAMS 0x00000000e7800000, 0x00000000e7800000| Complete 
| 121|0x00000000e7900000, 0x00000000e7a00000, 0x00000000e7a00000|100%| S|CS|TAMS 0x00000000e7900000, 0x00000000e7900000| Complete 
| 122|0x00000000e7a00000, 0x00000000e7b00000, 0x00000000e7b00000|100%| S|CS|TAMS 0x00000000e7a00000, 0x00000000e7a00000| Complete 
| 123|0x00000000e7b00000, 0x00000000e7c00000, 0x00000000e7c00000|100%| S|CS|TAMS 0x00000000e7b00000, 0x00000000e7b00000| Complete 
| 124|0x00000000e7c00000, 0x00000000e7c00000, 0x00000000e7d00000|  0%| F|  |TAMS 0x00000000e7c00000, 0x00000000e7c00000| Untracked 
| 125|0x00000000e7d00000, 0x00000000e7d00000, 0x00000000e7e00000|  0%| F|  |TAMS 0x00000000e7d00000, 0x00000000e7d00000| Untracked 
| 126|0x00000000e7e00000, 0x00000000e7e00000, 0x00000000e7f00000|  0%| F|  |TAMS 0x00000000e7e00000, 0x00000000e7e00000| Untracked 
| 127|0x00000000e7f00000, 0x00000000e7f00000, 0x00000000e8000000|  0%| F|  |TAMS 0x00000000e7f00000, 0x00000000e7f00000| Untracked 
| 128|0x00000000e8000000, 0x00000000e8000000, 0x00000000e8100000|  0%| F|  |TAMS 0x00000000e8000000, 0x00000000e8000000| Untracked 
| 129|0x00000000e8100000, 0x00000000e8100000, 0x00000000e8200000|  0%| F|  |TAMS 0x00000000e8100000, 0x00000000e8100000| Untracked 
| 130|0x00000000e8200000, 0x00000000e8200000, 0x00000000e8300000|  0%| F|  |TAMS 0x00000000e8200000, 0x00000000e8200000| Untracked 
| 131|0x00000000e8300000, 0x00000000e8300000, 0x00000000e8400000|  0%| F|  |TAMS 0x00000000e8300000, 0x00000000e8300000| Untracked 
| 132|0x00000000e8400000, 0x00000000e8400000, 0x00000000e8500000|  0%| F|  |TAMS 0x00000000e8400000, 0x00000000e8400000| Untracked 
| 133|0x00000000e8500000, 0x00000000e8500000, 0x00000000e8600000|  0%| F|  |TAMS 0x00000000e8500000, 0x00000000e8500000| Untracked 
| 134|0x00000000e8600000, 0x00000000e8600000, 0x00000000e8700000|  0%| F|  |TAMS 0x00000000e8600000, 0x00000000e8600000| Untracked 
| 135|0x00000000e8700000, 0x00000000e8700000, 0x00000000e8800000|  0%| F|  |TAMS 0x00000000e8700000, 0x00000000e8700000| Untracked 
| 136|0x00000000e8800000, 0x00000000e8800000, 0x00000000e8900000|  0%| F|  |TAMS 0x00000000e8800000, 0x00000000e8800000| Untracked 
| 137|0x00000000e8900000, 0x00000000e8900000, 0x00000000e8a00000|  0%| F|  |TAMS 0x00000000e8900000, 0x00000000e8900000| Untracked 
| 138|0x00000000e8a00000, 0x00000000e8a00000, 0x00000000e8b00000|  0%| F|  |TAMS 0x00000000e8a00000, 0x00000000e8a00000| Untracked 
| 139|0x00000000e8b00000, 0x00000000e8b00000, 0x00000000e8c00000|  0%| F|  |TAMS 0x00000000e8b00000, 0x00000000e8b00000| Untracked 
| 140|0x00000000e8c00000, 0x00000000e8c00000, 0x00000000e8d00000|  0%| F|  |TAMS 0x00000000e8c00000, 0x00000000e8c00000| Untracked 
| 141|0x00000000e8d00000, 0x00000000e8d00000, 0x00000000e8e00000|  0%| F|  |TAMS 0x00000000e8d00000, 0x00000000e8d00000| Untracked 
| 142|0x00000000e8e00000, 0x00000000e8e00000, 0x00000000e8f00000|  0%| F|  |TAMS 0x00000000e8e00000, 0x00000000e8e00000| Untracked 
| 143|0x00000000e8f00000, 0x00000000e8f00000, 0x00000000e9000000|  0%| F|  |TAMS 0x00000000e8f00000, 0x00000000e8f00000| Untracked 
| 144|0x00000000e9000000, 0x00000000e9000000, 0x00000000e9100000|  0%| F|  |TAMS 0x00000000e9000000, 0x00000000e9000000| Untracked 
| 145|0x00000000e9100000, 0x00000000e9100000, 0x00000000e9200000|  0%| F|  |TAMS 0x00000000e9100000, 0x00000000e9100000| Untracked 
| 146|0x00000000e9200000, 0x00000000e9200000, 0x00000000e9300000|  0%| F|  |TAMS 0x00000000e9200000, 0x00000000e9200000| Untracked 
| 147|0x00000000e9300000, 0x00000000e9300000, 0x00000000e9400000|  0%| F|  |TAMS 0x00000000e9300000, 0x00000000e9300000| Untracked 
| 148|0x00000000e9400000, 0x00000000e9400000, 0x00000000e9500000|  0%| F|  |TAMS 0x00000000e9400000, 0x00000000e9400000| Untracked 
| 149|0x00000000e9500000, 0x00000000e9500000, 0x00000000e9600000|  0%| F|  |TAMS 0x00000000e9500000, 0x00000000e9500000| Untracked 
| 150|0x00000000e9600000, 0x00000000e9600000, 0x00000000e9700000|  0%| F|  |TAMS 0x00000000e9600000, 0x00000000e9600000| Untracked 
| 151|0x00000000e9700000, 0x00000000e9700000, 0x00000000e9800000|  0%| F|  |TAMS 0x00000000e9700000, 0x00000000e9700000| Untracked 
| 152|0x00000000e9800000, 0x00000000e9800000, 0x00000000e9900000|  0%| F|  |TAMS 0x00000000e9800000, 0x00000000e9800000| Untracked 
| 153|0x00000000e9900000, 0x00000000e9900000, 0x00000000e9a00000|  0%| F|  |TAMS 0x00000000e9900000, 0x00000000e9900000| Untracked 
| 154|0x00000000e9a00000, 0x00000000e9a00000, 0x00000000e9b00000|  0%| F|  |TAMS 0x00000000e9a00000, 0x00000000e9a00000| Untracked 
| 155|0x00000000e9b00000, 0x00000000e9b00000, 0x00000000e9c00000|  0%| F|  |TAMS 0x00000000e9b00000, 0x00000000e9b00000| Untracked 
| 156|0x00000000e9c00000, 0x00000000e9c00000, 0x00000000e9d00000|  0%| F|  |TAMS 0x00000000e9c00000, 0x00000000e9c00000| Untracked 
| 157|0x00000000e9d00000, 0x00000000e9d00000, 0x00000000e9e00000|  0%| F|  |TAMS 0x00000000e9d00000, 0x00000000e9d00000| Untracked 
| 158|0x00000000e9e00000, 0x00000000e9e00000, 0x00000000e9f00000|  0%| F|  |TAMS 0x00000000e9e00000, 0x00000000e9e00000| Untracked 
| 159|0x00000000e9f00000, 0x00000000e9f00000, 0x00000000ea000000|  0%| F|  |TAMS 0x00000000e9f00000, 0x00000000e9f00000| Untracked 
| 160|0x00000000ea000000, 0x00000000ea000000, 0x00000000ea100000|  0%| F|  |TAMS 0x00000000ea000000, 0x00000000ea000000| Untracked 
| 161|0x00000000ea100000, 0x00000000ea100000, 0x00000000ea200000|  0%| F|  |TAMS 0x00000000ea100000, 0x00000000ea100000| Untracked 
| 162|0x00000000ea200000, 0x00000000ea200000, 0x00000000ea300000|  0%| F|  |TAMS 0x00000000ea200000, 0x00000000ea200000| Untracked 
| 163|0x00000000ea300000, 0x00000000ea300000, 0x00000000ea400000|  0%| F|  |TAMS 0x00000000ea300000, 0x00000000ea300000| Untracked 
| 164|0x00000000ea400000, 0x00000000ea400000, 0x00000000ea500000|  0%| F|  |TAMS 0x00000000ea400000, 0x00000000ea400000| Untracked 
| 165|0x00000000ea500000, 0x00000000ea500000, 0x00000000ea600000|  0%| F|  |TAMS 0x00000000ea500000, 0x00000000ea500000| Untracked 
| 166|0x00000000ea600000, 0x00000000ea600000, 0x00000000ea700000|  0%| F|  |TAMS 0x00000000ea600000, 0x00000000ea600000| Untracked 
| 167|0x00000000ea700000, 0x00000000ea700000, 0x00000000ea800000|  0%| F|  |TAMS 0x00000000ea700000, 0x00000000ea700000| Untracked 
| 168|0x00000000ea800000, 0x00000000ea800000, 0x00000000ea900000|  0%| F|  |TAMS 0x00000000ea800000, 0x00000000ea800000| Untracked 
| 169|0x00000000ea900000, 0x00000000ea900000, 0x00000000eaa00000|  0%| F|  |TAMS 0x00000000ea900000, 0x00000000ea900000| Untracked 
| 170|0x00000000eaa00000, 0x00000000eaa00000, 0x00000000eab00000|  0%| F|  |TAMS 0x00000000eaa00000, 0x00000000eaa00000| Untracked 
| 171|0x00000000eab00000, 0x00000000eab00000, 0x00000000eac00000|  0%| F|  |TAMS 0x00000000eab00000, 0x00000000eab00000| Untracked 
| 172|0x00000000eac00000, 0x00000000eac00000, 0x00000000ead00000|  0%| F|  |TAMS 0x00000000eac00000, 0x00000000eac00000| Untracked 
| 173|0x00000000ead00000, 0x00000000ead00000, 0x00000000eae00000|  0%| F|  |TAMS 0x00000000ead00000, 0x00000000ead00000| Untracked 
| 174|0x00000000eae00000, 0x00000000eae00000, 0x00000000eaf00000|  0%| F|  |TAMS 0x00000000eae00000, 0x00000000eae00000| Untracked 
| 175|0x00000000eaf00000, 0x00000000eaf00000, 0x00000000eb000000|  0%| F|  |TAMS 0x00000000eaf00000, 0x00000000eaf00000| Untracked 
| 176|0x00000000eb000000, 0x00000000eb000000, 0x00000000eb100000|  0%| F|  |TAMS 0x00000000eb000000, 0x00000000eb000000| Untracked 
| 177|0x00000000eb100000, 0x00000000eb100000, 0x00000000eb200000|  0%| F|  |TAMS 0x00000000eb100000, 0x00000000eb100000| Untracked 
| 178|0x00000000eb200000, 0x00000000eb200000, 0x00000000eb300000|  0%| F|  |TAMS 0x00000000eb200000, 0x00000000eb200000| Untracked 
| 179|0x00000000eb300000, 0x00000000eb300000, 0x00000000eb400000|  0%| F|  |TAMS 0x00000000eb300000, 0x00000000eb300000| Untracked 
| 180|0x00000000eb400000, 0x00000000eb400000, 0x00000000eb500000|  0%| F|  |TAMS 0x00000000eb400000, 0x00000000eb400000| Untracked 
| 181|0x00000000eb500000, 0x00000000eb500000, 0x00000000eb600000|  0%| F|  |TAMS 0x00000000eb500000, 0x00000000eb500000| Untracked 
| 182|0x00000000eb600000, 0x00000000eb600000, 0x00000000eb700000|  0%| F|  |TAMS 0x00000000eb600000, 0x00000000eb600000| Untracked 
| 183|0x00000000eb700000, 0x00000000eb700000, 0x00000000eb800000|  0%| F|  |TAMS 0x00000000eb700000, 0x00000000eb700000| Untracked 
| 184|0x00000000eb800000, 0x00000000eb800000, 0x00000000eb900000|  0%| F|  |TAMS 0x00000000eb800000, 0x00000000eb800000| Untracked 
| 185|0x00000000eb900000, 0x00000000eb900000, 0x00000000eba00000|  0%| F|  |TAMS 0x00000000eb900000, 0x00000000eb900000| Untracked 
| 186|0x00000000eba00000, 0x00000000eba00000, 0x00000000ebb00000|  0%| F|  |TAMS 0x00000000eba00000, 0x00000000eba00000| Untracked 
| 187|0x00000000ebb00000, 0x00000000ebb00000, 0x00000000ebc00000|  0%| F|  |TAMS 0x00000000ebb00000, 0x00000000ebb00000| Untracked 
| 188|0x00000000ebc00000, 0x00000000ebc00000, 0x00000000ebd00000|  0%| F|  |TAMS 0x00000000ebc00000, 0x00000000ebc00000| Untracked 
| 189|0x00000000ebd00000, 0x00000000ebd00000, 0x00000000ebe00000|  0%| F|  |TAMS 0x00000000ebd00000, 0x00000000ebd00000| Untracked 
| 190|0x00000000ebe00000, 0x00000000ebe00000, 0x00000000ebf00000|  0%| F|  |TAMS 0x00000000ebe00000, 0x00000000ebe00000| Untracked 
| 191|0x00000000ebf00000, 0x00000000ebf00000, 0x00000000ec000000|  0%| F|  |TAMS 0x00000000ebf00000, 0x00000000ebf00000| Untracked 
| 192|0x00000000ec000000, 0x00000000ec000000, 0x00000000ec100000|  0%| F|  |TAMS 0x00000000ec000000, 0x00000000ec000000| Untracked 
| 193|0x00000000ec100000, 0x00000000ec100000, 0x00000000ec200000|  0%| F|  |TAMS 0x00000000ec100000, 0x00000000ec100000| Untracked 
| 194|0x00000000ec200000, 0x00000000ec200000, 0x00000000ec300000|  0%| F|  |TAMS 0x00000000ec200000, 0x00000000ec200000| Untracked 
| 195|0x00000000ec300000, 0x00000000ec300000, 0x00000000ec400000|  0%| F|  |TAMS 0x00000000ec300000, 0x00000000ec300000| Untracked 
| 196|0x00000000ec400000, 0x00000000ec400000, 0x00000000ec500000|  0%| F|  |TAMS 0x00000000ec400000, 0x00000000ec400000| Untracked 
| 197|0x00000000ec500000, 0x00000000ec500000, 0x00000000ec600000|  0%| F|  |TAMS 0x00000000ec500000, 0x00000000ec500000| Untracked 
| 198|0x00000000ec600000, 0x00000000ec600000, 0x00000000ec700000|  0%| F|  |TAMS 0x00000000ec600000, 0x00000000ec600000| Untracked 
| 199|0x00000000ec700000, 0x00000000ec700000, 0x00000000ec800000|  0%| F|  |TAMS 0x00000000ec700000, 0x00000000ec700000| Untracked 
| 200|0x00000000ec800000, 0x00000000ec800000, 0x00000000ec900000|  0%| F|  |TAMS 0x00000000ec800000, 0x00000000ec800000| Untracked 
| 201|0x00000000ec900000, 0x00000000ec900000, 0x00000000eca00000|  0%| F|  |TAMS 0x00000000ec900000, 0x00000000ec900000| Untracked 
| 202|0x00000000eca00000, 0x00000000eca00000, 0x00000000ecb00000|  0%| F|  |TAMS 0x00000000eca00000, 0x00000000eca00000| Untracked 
| 203|0x00000000ecb00000, 0x00000000ecb00000, 0x00000000ecc00000|  0%| F|  |TAMS 0x00000000ecb00000, 0x00000000ecb00000| Untracked 
| 204|0x00000000ecc00000, 0x00000000ecc00000, 0x00000000ecd00000|  0%| F|  |TAMS 0x00000000ecc00000, 0x00000000ecc00000| Untracked 
| 205|0x00000000ecd00000, 0x00000000ecd00000, 0x00000000ece00000|  0%| F|  |TAMS 0x00000000ecd00000, 0x00000000ecd00000| Untracked 
| 206|0x00000000ece00000, 0x00000000ece00000, 0x00000000ecf00000|  0%| F|  |TAMS 0x00000000ece00000, 0x00000000ece00000| Untracked 
| 207|0x00000000ecf00000, 0x00000000ecf00000, 0x00000000ed000000|  0%| F|  |TAMS 0x00000000ecf00000, 0x00000000ecf00000| Untracked 
| 208|0x00000000ed000000, 0x00000000ed000000, 0x00000000ed100000|  0%| F|  |TAMS 0x00000000ed000000, 0x00000000ed000000| Untracked 
| 209|0x00000000ed100000, 0x00000000ed100000, 0x00000000ed200000|  0%| F|  |TAMS 0x00000000ed100000, 0x00000000ed100000| Untracked 
| 210|0x00000000ed200000, 0x00000000ed200000, 0x00000000ed300000|  0%| F|  |TAMS 0x00000000ed200000, 0x00000000ed200000| Untracked 
| 211|0x00000000ed300000, 0x00000000ed300000, 0x00000000ed400000|  0%| F|  |TAMS 0x00000000ed300000, 0x00000000ed300000| Untracked 
| 212|0x00000000ed400000, 0x00000000ed500000, 0x00000000ed500000|100%| E|  |TAMS 0x00000000ed400000, 0x00000000ed400000| Complete 
| 213|0x00000000ed500000, 0x00000000ed600000, 0x00000000ed600000|100%| E|CS|TAMS 0x00000000ed500000, 0x00000000ed500000| Complete 
| 214|0x00000000ed600000, 0x00000000ed700000, 0x00000000ed700000|100%| E|CS|TAMS 0x00000000ed600000, 0x00000000ed600000| Complete 
| 215|0x00000000ed700000, 0x00000000ed800000, 0x00000000ed800000|100%| E|CS|TAMS 0x00000000ed700000, 0x00000000ed700000| Complete 
| 216|0x00000000ed800000, 0x00000000ed900000, 0x00000000ed900000|100%| E|CS|TAMS 0x00000000ed800000, 0x00000000ed800000| Complete 
| 217|0x00000000ed900000, 0x00000000eda00000, 0x00000000eda00000|100%| E|CS|TAMS 0x00000000ed900000, 0x00000000ed900000| Complete 
| 218|0x00000000eda00000, 0x00000000edb00000, 0x00000000edb00000|100%| E|CS|TAMS 0x00000000eda00000, 0x00000000eda00000| Complete 
| 219|0x00000000edb00000, 0x00000000edc00000, 0x00000000edc00000|100%| E|CS|TAMS 0x00000000edb00000, 0x00000000edb00000| Complete 
| 220|0x00000000edc00000, 0x00000000edd00000, 0x00000000edd00000|100%| E|CS|TAMS 0x00000000edc00000, 0x00000000edc00000| Complete 
| 221|0x00000000edd00000, 0x00000000ede00000, 0x00000000ede00000|100%| E|CS|TAMS 0x00000000edd00000, 0x00000000edd00000| Complete 
| 222|0x00000000ede00000, 0x00000000edf00000, 0x00000000edf00000|100%| E|CS|TAMS 0x00000000ede00000, 0x00000000ede00000| Complete 
| 223|0x00000000edf00000, 0x00000000ee000000, 0x00000000ee000000|100%| E|CS|TAMS 0x00000000edf00000, 0x00000000edf00000| Complete 
| 224|0x00000000ee000000, 0x00000000ee100000, 0x00000000ee100000|100%| E|CS|TAMS 0x00000000ee000000, 0x00000000ee000000| Complete 
| 225|0x00000000ee100000, 0x00000000ee200000, 0x00000000ee200000|100%| E|CS|TAMS 0x00000000ee100000, 0x00000000ee100000| Complete 
| 226|0x00000000ee200000, 0x00000000ee300000, 0x00000000ee300000|100%| E|CS|TAMS 0x00000000ee200000, 0x00000000ee200000| Complete 
| 227|0x00000000ee300000, 0x00000000ee400000, 0x00000000ee400000|100%| E|CS|TAMS 0x00000000ee300000, 0x00000000ee300000| Complete 
| 228|0x00000000ee400000, 0x00000000ee500000, 0x00000000ee500000|100%| E|CS|TAMS 0x00000000ee400000, 0x00000000ee400000| Complete 
| 229|0x00000000ee500000, 0x00000000ee600000, 0x00000000ee600000|100%| E|CS|TAMS 0x00000000ee500000, 0x00000000ee500000| Complete 
| 230|0x00000000ee600000, 0x00000000ee700000, 0x00000000ee700000|100%| E|CS|TAMS 0x00000000ee600000, 0x00000000ee600000| Complete 
| 231|0x00000000ee700000, 0x00000000ee800000, 0x00000000ee800000|100%| E|CS|TAMS 0x00000000ee700000, 0x00000000ee700000| Complete 
| 232|0x00000000ee800000, 0x00000000ee900000, 0x00000000ee900000|100%| E|CS|TAMS 0x00000000ee800000, 0x00000000ee800000| Complete 
| 233|0x00000000ee900000, 0x00000000eea00000, 0x00000000eea00000|100%| E|CS|TAMS 0x00000000ee900000, 0x00000000ee900000| Complete 
| 234|0x00000000eea00000, 0x00000000eeb00000, 0x00000000eeb00000|100%| E|CS|TAMS 0x00000000eea00000, 0x00000000eea00000| Complete 
| 235|0x00000000eeb00000, 0x00000000eec00000, 0x00000000eec00000|100%| E|CS|TAMS 0x00000000eeb00000, 0x00000000eeb00000| Complete 
| 236|0x00000000eec00000, 0x00000000eed00000, 0x00000000eed00000|100%| E|CS|TAMS 0x00000000eec00000, 0x00000000eec00000| Complete 
| 237|0x00000000eed00000, 0x00000000eee00000, 0x00000000eee00000|100%| E|CS|TAMS 0x00000000eed00000, 0x00000000eed00000| Complete 
| 238|0x00000000eee00000, 0x00000000eef00000, 0x00000000eef00000|100%| E|CS|TAMS 0x00000000eee00000, 0x00000000eee00000| Complete 
| 239|0x00000000eef00000, 0x00000000ef000000, 0x00000000ef000000|100%| E|CS|TAMS 0x00000000eef00000, 0x00000000eef00000| Complete 
| 240|0x00000000ef000000, 0x00000000ef100000, 0x00000000ef100000|100%| E|CS|TAMS 0x00000000ef000000, 0x00000000ef000000| Complete 
| 241|0x00000000ef100000, 0x00000000ef200000, 0x00000000ef200000|100%| E|CS|TAMS 0x00000000ef100000, 0x00000000ef100000| Complete 
| 242|0x00000000ef200000, 0x00000000ef300000, 0x00000000ef300000|100%| E|CS|TAMS 0x00000000ef200000, 0x00000000ef200000| Complete 
| 243|0x00000000ef300000, 0x00000000ef400000, 0x00000000ef400000|100%| E|CS|TAMS 0x00000000ef300000, 0x00000000ef300000| Complete 
| 244|0x00000000ef400000, 0x00000000ef500000, 0x00000000ef500000|100%| E|CS|TAMS 0x00000000ef400000, 0x00000000ef400000| Complete 
| 245|0x00000000ef500000, 0x00000000ef600000, 0x00000000ef600000|100%| E|CS|TAMS 0x00000000ef500000, 0x00000000ef500000| Complete 
| 246|0x00000000ef600000, 0x00000000ef700000, 0x00000000ef700000|100%| E|CS|TAMS 0x00000000ef600000, 0x00000000ef600000| Complete 
| 247|0x00000000ef700000, 0x00000000ef800000, 0x00000000ef800000|100%| E|CS|TAMS 0x00000000ef700000, 0x00000000ef700000| Complete 
| 248|0x00000000ef800000, 0x00000000ef900000, 0x00000000ef900000|100%| E|CS|TAMS 0x00000000ef800000, 0x00000000ef800000| Complete 
| 249|0x00000000ef900000, 0x00000000efa00000, 0x00000000efa00000|100%| E|CS|TAMS 0x00000000ef900000, 0x00000000ef900000| Complete 
| 250|0x00000000efa00000, 0x00000000efb00000, 0x00000000efb00000|100%| E|CS|TAMS 0x00000000efa00000, 0x00000000efa00000| Complete 
| 251|0x00000000efb00000, 0x00000000efc00000, 0x00000000efc00000|100%| E|CS|TAMS 0x00000000efb00000, 0x00000000efb00000| Complete 
| 252|0x00000000efc00000, 0x00000000efd00000, 0x00000000efd00000|100%| E|CS|TAMS 0x00000000efc00000, 0x00000000efc00000| Complete 
| 253|0x00000000efd00000, 0x00000000efe00000, 0x00000000efe00000|100%| E|CS|TAMS 0x00000000efd00000, 0x00000000efd00000| Complete 
| 254|0x00000000efe00000, 0x00000000eff00000, 0x00000000eff00000|100%| E|CS|TAMS 0x00000000efe00000, 0x00000000efe00000| Complete 
| 255|0x00000000eff00000, 0x00000000f0000000, 0x00000000f0000000|100%| E|CS|TAMS 0x00000000eff00000, 0x00000000eff00000| Complete 

Card table byte_map: [0x0000022b74360000,0x0000022b74460000] _byte_map_base: 0x0000022b73c60000

Marking Bits (Prev, Next): (CMBitMap*) 0x0000022b6bf42e10, (CMBitMap*) 0x0000022b6bf42e50
 Prev Bits: [0x0000022b74560000, 0x0000022b74d60000)
 Next Bits: [0x0000022b74d60000, 0x0000022b75560000)

Polling page: 0x0000022b6a6d0000

Metaspace:

Usage:
  Non-class:     45.10 MB used.
      Class:      7.46 MB used.
       Both:     52.57 MB used.

Virtual space:
  Non-class space:       64.00 MB reserved,      45.44 MB ( 71%) committed,  1 nodes.
      Class space:      320.00 MB reserved,       7.75 MB (  2%) committed,  1 nodes.
             Both:      384.00 MB reserved,      53.19 MB ( 14%) committed. 

Chunk freelists:
   Non-Class:  2.56 MB
       Class:  8.17 MB
        Both:  10.73 MB

MaxMetaspaceSize: 384.00 MB
CompressedClassSpaceSize: 320.00 MB
Initial GC threshold: 21.00 MB
Current GC threshold: 59.31 MB
CDS: on
MetaspaceReclaimPolicy: balanced
 - commit_granule_bytes: 65536.
 - commit_granule_words: 8192.
 - virtual_space_node_default_size: 8388608.
 - enlarge_chunks_in_place: 1.
 - new_chunks_are_fully_committed: 0.
 - uncommit_free_chunks: 1.
 - use_allocation_guard: 0.
 - handle_deallocations: 1.


Internal statistics:

num_allocs_failed_limit: 9.
num_arena_births: 670.
num_arena_deaths: 0.
num_vsnodes_births: 2.
num_vsnodes_deaths: 0.
num_space_committed: 851.
num_space_uncommitted: 0.
num_chunks_returned_to_freelist: 9.
num_chunks_taken_from_freelist: 2882.
num_chunk_merges: 9.
num_chunk_splits: 1885.
num_chunks_enlarged: 1253.
num_purges: 0.
num_inconsistent_stats: 0.

CodeHeap 'non-profiled nmethods': size=120000Kb used=2869Kb max_used=3136Kb free=117130Kb
 bounds [0x0000022b07ad0000, 0x0000022b07df0000, 0x0000022b0f000000]
CodeHeap 'profiled nmethods': size=120000Kb used=10202Kb max_used=10490Kb free=109797Kb
 bounds [0x0000022b00000000, 0x0000022b00a80000, 0x0000022b07530000]
CodeHeap 'non-nmethods': size=5760Kb used=2348Kb max_used=2390Kb free=3412Kb
 bounds [0x0000022b07530000, 0x0000022b077a0000, 0x0000022b07ad0000]
 total_blobs=5959 nmethods=5103 adapters=768
 compilation: enabled
              stopped_count=0, restarted_count=0
 full_count=0

Compilation events (20 events):
Event: 12.363 Thread 0x0000022b77fd0d90 5911       3       org.objectweb.asm.MethodWriter::visitLineNumber (50 bytes)
Event: 12.363 Thread 0x0000022b77fd0d90 nmethod 5911 0x0000022b001a0490 code [0x0000022b001a0660, 0x0000022b001a0af8]
Event: 12.363 Thread 0x0000022b77fd0d90 5909       3       org.objectweb.asm.MethodWriter::visitLocalVariable (222 bytes)
Event: 12.366 Thread 0x0000022b77fd0d90 nmethod 5909 0x0000022b0019e710 code [0x0000022b0019ea60, 0x0000022b0019fc58]
Event: 12.366 Thread 0x0000022b77fd0d90 5913       1       org.objectweb.asm.SymbolTable::getSource (5 bytes)
Event: 12.366 Thread 0x0000022b77fd0d90 nmethod 5913 0x0000022b07d45b90 code [0x0000022b07d45d20, 0x0000022b07d45df8]
Event: 12.367 Thread 0x0000022b77fd0d90 5914       3       org.codehaus.groovy.vmplugin.v9.Java9::checkAccessible (171 bytes)
Event: 12.369 Thread 0x0000022b77fd0d90 nmethod 5914 0x0000022b00815190 code [0x0000022b00815540, 0x0000022b008170c8]
Event: 12.385 Thread 0x0000022b77fd0d90 5916       3       sun.reflect.generics.tree.TypeVariableSignature::accept (8 bytes)
Event: 12.385 Thread 0x0000022b77fd0d90 nmethod 5916 0x0000022b00814990 code [0x0000022b00814b60, 0x0000022b00814f88]
Event: 12.385 Thread 0x0000022b77fd0d90 5917       3       sun.reflect.generics.visitor.Reifier::visitTypeVariableSignature (18 bytes)
Event: 12.386 Thread 0x0000022b77fd0d90 nmethod 5917 0x0000022b00814290 code [0x0000022b00814460, 0x0000022b008147e8]
Event: 12.396 Thread 0x0000022b77fd0d90 5918       3       groovyjarjarasm.asm.MethodWriter::visitInsn (115 bytes)
Event: 12.397 Thread 0x0000022b77fd0d90 nmethod 5918 0x0000022b00813a90 code [0x0000022b00813c60, 0x0000022b008140e8]
Event: 12.397 Thread 0x0000022b77fd0d90 5919       3       groovyjarjarasm.asm.ByteVector::putInt (74 bytes)
Event: 12.397 Thread 0x0000022b77fd0d90 nmethod 5919 0x0000022b0019e190 code [0x0000022b0019e340, 0x0000022b0019e5a8]
Event: 12.407 Thread 0x0000022b77fd0d90 5920       1       org.codehaus.groovy.runtime.callsite.AbstractCallSite::getName (5 bytes)
Event: 12.407 Thread 0x0000022b77fd0d90 nmethod 5920 0x0000022b07d45890 code [0x0000022b07d45a20, 0x0000022b07d45af8]
Event: 12.428 Thread 0x0000022b77fd0d90 5921       3       java.io.WinNTFileSystem::prefixLength (91 bytes)
Event: 12.431 Thread 0x0000022b77fd0d90 nmethod 5921 0x0000022b0017e610 code [0x0000022b0017e940, 0x0000022b0017fdd8]

GC Heap History (16 events):
Event: 0.644 GC heap before
{Heap before GC invocations=0 (full 0):
 garbage-first heap   total 262144K, used 22528K [0x00000000e0000000, 0x0000000100000000)
  region size 1024K, 23 young (23552K), 0 survivors (0K)
 Metaspace       used 1070K, committed 1216K, reserved 393216K
  class space    used 73K, committed 128K, reserved 327680K
}
Event: 0.648 GC heap after
{Heap after GC invocations=1 (full 0):
 garbage-first heap   total 262144K, used 2653K [0x00000000e0000000, 0x0000000100000000)
  region size 1024K, 3 young (3072K), 3 survivors (3072K)
 Metaspace       used 1070K, committed 1216K, reserved 393216K
  class space    used 73K, committed 128K, reserved 327680K
}
Event: 1.608 GC heap before
{Heap before GC invocations=1 (full 0):
 garbage-first heap   total 262144K, used 40541K [0x00000000e0000000, 0x0000000100000000)
  region size 1024K, 38 young (38912K), 3 survivors (3072K)
 Metaspace       used 4408K, committed 4544K, reserved 393216K
  class space    used 548K, committed 640K, reserved 327680K
}
Event: 1.613 GC heap after
{Heap after GC invocations=2 (full 0):
 garbage-first heap   total 262144K, used 11091K [0x00000000e0000000, 0x0000000100000000)
  region size 1024K, 5 young (5120K), 5 survivors (5120K)
 Metaspace       used 4408K, committed 4544K, reserved 393216K
  class space    used 548K, committed 640K, reserved 327680K
}
Event: 2.722 GC heap before
{Heap before GC invocations=2 (full 0):
 garbage-first heap   total 262144K, used 57171K [0x00000000e0000000, 0x0000000100000000)
  region size 1024K, 48 young (49152K), 5 survivors (5120K)
 Metaspace       used 4746K, committed 4928K, reserved 393216K
  class space    used 602K, committed 704K, reserved 327680K
}
Event: 2.728 GC heap after
{Heap after GC invocations=3 (full 0):
 garbage-first heap   total 262144K, used 16281K [0x00000000e0000000, 0x0000000100000000)
  region size 1024K, 5 young (5120K), 5 survivors (5120K)
 Metaspace       used 4746K, committed 4928K, reserved 393216K
  class space    used 602K, committed 704K, reserved 327680K
}
Event: 5.484 GC heap before
{Heap before GC invocations=3 (full 0):
 garbage-first heap   total 262144K, used 121753K [0x00000000e0000000, 0x0000000100000000)
  region size 1024K, 109 young (111616K), 5 survivors (5120K)
 Metaspace       used 21149K, committed 21504K, reserved 393216K
  class space    used 3089K, committed 3264K, reserved 327680K
}
Event: 5.495 GC heap after
{Heap after GC invocations=4 (full 0):
 garbage-first heap   total 262144K, used 23738K [0x00000000e0000000, 0x0000000100000000)
  region size 1024K, 12 young (12288K), 12 survivors (12288K)
 Metaspace       used 21149K, committed 21504K, reserved 393216K
  class space    used 3089K, committed 3264K, reserved 327680K
}
Event: 8.270 GC heap before
{Heap before GC invocations=5 (full 0):
 garbage-first heap   total 262144K, used 158906K [0x00000000e0000000, 0x0000000100000000)
  region size 1024K, 130 young (133120K), 12 survivors (12288K)
 Metaspace       used 35505K, committed 35968K, reserved 393216K
  class space    used 4927K, committed 5184K, reserved 327680K
}
Event: 8.288 GC heap after
{Heap after GC invocations=6 (full 0):
 garbage-first heap   total 262144K, used 45627K [0x00000000e0000000, 0x0000000100000000)
  region size 1024K, 18 young (18432K), 18 survivors (18432K)
 Metaspace       used 35505K, committed 35968K, reserved 393216K
  class space    used 4927K, committed 5184K, reserved 327680K
}
Event: 8.307 GC heap before
{Heap before GC invocations=6 (full 0):
 garbage-first heap   total 262144K, used 46651K [0x00000000e0000000, 0x0000000100000000)
  region size 1024K, 19 young (19456K), 18 survivors (18432K)
 Metaspace       used 35648K, committed 36096K, reserved 393216K
  class space    used 4947K, committed 5184K, reserved 327680K
}
Event: 8.322 GC heap after
{Heap after GC invocations=7 (full 0):
 garbage-first heap   total 262144K, used 46238K [0x00000000e0000000, 0x0000000100000000)
  region size 1024K, 2 young (2048K), 2 survivors (2048K)
 Metaspace       used 35648K, committed 36096K, reserved 393216K
  class space    used 4947K, committed 5184K, reserved 327680K
}
Event: 8.348 GC heap before
{Heap before GC invocations=7 (full 0):
 garbage-first heap   total 262144K, used 47262K [0x00000000e0000000, 0x0000000100000000)
  region size 1024K, 4 young (4096K), 2 survivors (2048K)
 Metaspace       used 35796K, committed 36288K, reserved 393216K
  class space    used 4964K, committed 5248K, reserved 327680K
}
Event: 8.349 GC heap after
{Heap after GC invocations=8 (full 0):
 garbage-first heap   total 262144K, used 44789K [0x00000000e0000000, 0x0000000100000000)
  region size 1024K, 1 young (1024K), 1 survivors (1024K)
 Metaspace       used 35796K, committed 36288K, reserved 393216K
  class space    used 4964K, committed 5248K, reserved 327680K
}
Event: 11.330 GC heap before
{Heap before GC invocations=9 (full 0):
 garbage-first heap   total 262144K, used 194293K [0x00000000e0000000, 0x0000000100000000)
  region size 1024K, 132 young (135168K), 1 survivors (1024K)
 Metaspace       used 49713K, committed 50240K, reserved 393216K
  class space    used 7002K, committed 7232K, reserved 327680K
}
Event: 11.339 GC heap after
{Heap after GC invocations=10 (full 0):
 garbage-first heap   total 262144K, used 67826K [0x00000000e0000000, 0x0000000100000000)
  region size 1024K, 10 young (10240K), 10 survivors (10240K)
 Metaspace       used 49713K, committed 50240K, reserved 393216K
  class space    used 7002K, committed 7232K, reserved 327680K
}

Deoptimization events (20 events):
Event: 11.317 Thread 0x0000022b7df7f1a0 DEOPT PACKING pc=0x0000022b07d4f508 sp=0x0000007ab4ff82e0
Event: 11.317 Thread 0x0000022b7df7f1a0 DEOPT UNPACKING pc=0x0000022b07585ba3 sp=0x0000007ab4ff8000 mode 2
Event: 11.320 Thread 0x0000022b7df7f1a0 Uncommon trap: trap_request=0xffffff45 fr.pc=0x0000022b07d90e00 relative=0x00000000000027a0
Event: 11.320 Thread 0x0000022b7df7f1a0 Uncommon trap: reason=unstable_if action=reinterpret pc=0x0000022b07d90e00 method=java.lang.ClassValue.match(Ljava/lang/ClassValue$Entry;)Z @ 12 c2
Event: 11.320 Thread 0x0000022b7df7f1a0 DEOPT PACKING pc=0x0000022b07d90e00 sp=0x0000007ab4ff86c0
Event: 11.320 Thread 0x0000022b7df7f1a0 DEOPT UNPACKING pc=0x0000022b07585ba3 sp=0x0000007ab4ff83b8 mode 2
Event: 11.587 Thread 0x0000022b7df7f1a0 Uncommon trap: trap_request=0xffffff45 fr.pc=0x0000022b07cf5eac relative=0x000000000000028c
Event: 11.587 Thread 0x0000022b7df7f1a0 Uncommon trap: reason=unstable_if action=reinterpret pc=0x0000022b07cf5eac method=java.util.HashMap.getNode(Ljava/lang/Object;)Ljava/util/HashMap$Node; @ 85 c2
Event: 11.587 Thread 0x0000022b7df7f1a0 DEOPT PACKING pc=0x0000022b07cf5eac sp=0x0000007ab4ff7860
Event: 11.587 Thread 0x0000022b7df7f1a0 DEOPT UNPACKING pc=0x0000022b07585ba3 sp=0x0000007ab4ff7770 mode 2
Event: 11.923 Thread 0x0000022b7df7f1a0 Uncommon trap: trap_request=0xffffff45 fr.pc=0x0000022b07b50ba4 relative=0x0000000000000084
Event: 11.923 Thread 0x0000022b7df7f1a0 Uncommon trap: reason=unstable_if action=reinterpret pc=0x0000022b07b50ba4 method=org.gradle.internal.serialize.graph.codecs.BindingsBuilder$producerForSubtypesOf$1.encodingForType(Ljava/lang/Class;)Lorg/gradle/internal/serialize/graph/Codec; @ 27 c2
Event: 11.923 Thread 0x0000022b7df7f1a0 DEOPT PACKING pc=0x0000022b07b50ba4 sp=0x0000007ab4ff88d0
Event: 11.923 Thread 0x0000022b7df7f1a0 DEOPT UNPACKING pc=0x0000022b07585ba3 sp=0x0000007ab4ff87d8 mode 2
Event: 12.022 Thread 0x0000022b7df7f1a0 DEOPT PACKING pc=0x0000022b001abfea sp=0x0000007ab4ff7b50
Event: 12.022 Thread 0x0000022b7df7f1a0 DEOPT UNPACKING pc=0x0000022b075866e3 sp=0x0000007ab4ff7060 mode 0
Event: 12.392 Thread 0x0000022b7df7f1a0 Uncommon trap: trap_request=0xffffff45 fr.pc=0x0000022b07c76404 relative=0x0000000000001504
Event: 12.392 Thread 0x0000022b7df7f1a0 Uncommon trap: reason=unstable_if action=reinterpret pc=0x0000022b07c76404 method=java.util.WeakHashMap.matchesKey(Ljava/util/WeakHashMap$Entry;Ljava/lang/Object;)Z @ 5 c2
Event: 12.392 Thread 0x0000022b7df7f1a0 DEOPT PACKING pc=0x0000022b07c76404 sp=0x0000007ab4ff7490
Event: 12.392 Thread 0x0000022b7df7f1a0 DEOPT UNPACKING pc=0x0000022b07585ba3 sp=0x0000007ab4ff7418 mode 2

Classes unloaded (0 events):
No events

Classes redefined (0 events):
No events

Internal exceptions (20 events):
Event: 12.153 Thread 0x0000022b7df7f1a0 Exception <a 'java/lang/ClassNotFoundException'{0x00000000ee18bcb8}: org/gradle/internal/serialize/codecs/core/ClosureCodec$BrokenScriptBeanInfo> (0x00000000ee18bcb8) 
thrown [s\open\src\hotspot\share\classfile\systemDictionary.cpp, line 256]
Event: 12.155 Thread 0x0000022b7df7f1a0 Exception <a 'java/lang/ClassNotFoundException'{0x00000000ee19acb8}: org/gradle/internal/serialize/codecs/core/ClosureCodec$BrokenScriptCustomizer> (0x00000000ee19acb8) 
thrown [s\open\src\hotspot\share\classfile\systemDictionary.cpp, line 256]
Event: 12.158 Thread 0x0000022b7df7f1a0 Exception <a 'java/lang/ClassNotFoundException'{0x00000000ee1b5d40}: org/gradle/api/invocation/GradleBeanInfo> (0x00000000ee1b5d40) 
thrown [s\open\src\hotspot\share\classfile\systemDictionary.cpp, line 256]
Event: 12.159 Thread 0x0000022b7df7f1a0 Exception <a 'java/lang/ClassNotFoundException'{0x00000000ee1c1ff0}: org/gradle/api/invocation/GradleCustomizer> (0x00000000ee1c1ff0) 
thrown [s\open\src\hotspot\share\classfile\systemDictionary.cpp, line 256]
Event: 12.183 Thread 0x0000022b7df7f1a0 Exception <a 'java/lang/ClassNotFoundException'{0x00000000ee0fe868}: org/gradle/api/internal/project/DefaultProject_DecoratedBeanInfo> (0x00000000ee0fe868) 
thrown [s\open\src\hotspot\share\classfile\systemDictionary.cpp, line 256]
Event: 12.183 Thread 0x0000022b7df7f1a0 Exception <a 'java/lang/ClassNotFoundException'{0x00000000edf0b2d8}: org/gradle/api/internal/project/DefaultProjectBeanInfo> (0x00000000edf0b2d8) 
thrown [s\open\src\hotspot\share\classfile\systemDictionary.cpp, line 256]
Event: 12.184 Thread 0x0000022b7df7f1a0 Exception <a 'java/lang/ClassNotFoundException'{0x00000000edf17840}: org/gradle/api/internal/project/DefaultProjectCustomizer> (0x00000000edf17840) 
thrown [s\open\src\hotspot\share\classfile\systemDictionary.cpp, line 256]
Event: 12.200 Thread 0x0000022b7df7f1a0 Exception <a 'java/lang/ClassNotFoundException'{0x00000000edfca5e8}: org/gradle/api/internal/project/DefaultProject_DecoratedCustomizer> (0x00000000edfca5e8) 
thrown [s\open\src\hotspot\share\classfile\systemDictionary.cpp, line 256]
Event: 12.350 Thread 0x0000022b7df7f1a0 Exception <a 'java/lang/ClassNotFoundException'{0x00000000eda457c8}: IdeaPluginConfiguratorBeanInfo> (0x00000000eda457c8) 
thrown [s\open\src\hotspot\share\classfile\systemDictionary.cpp, line 256]
Event: 12.352 Thread 0x0000022b7df7f1a0 Exception <a 'java/lang/ClassNotFoundException'{0x00000000eda507b0}: IdeaPluginConfiguratorCustomizer> (0x00000000eda507b0) 
thrown [s\open\src\hotspot\share\classfile\systemDictionary.cpp, line 256]
Event: 12.378 Thread 0x0000022b7df7f1a0 Exception <a 'java/lang/ClassNotFoundException'{0x00000000ed9f14f0}: org/gradle/api/internal/plugins/DefaultPluginContainerBeanInfo> (0x00000000ed9f14f0) 
thrown [s\open\src\hotspot\share\classfile\systemDictionary.cpp, line 256]
Event: 12.381 Thread 0x0000022b7df7f1a0 Exception <a 'java/lang/ClassNotFoundException'{0x00000000ed9fdc10}: org/gradle/api/internal/plugins/DefaultPluginCollectionBeanInfo> (0x00000000ed9fdc10) 
thrown [s\open\src\hotspot\share\classfile\systemDictionary.cpp, line 256]
Event: 12.382 Thread 0x0000022b7df7f1a0 Exception <a 'java/lang/ClassNotFoundException'{0x00000000ed80a4b8}: org/gradle/api/internal/DefaultDomainObjectSetBeanInfo> (0x00000000ed80a4b8) 
thrown [s\open\src\hotspot\share\classfile\systemDictionary.cpp, line 256]
Event: 12.383 Thread 0x0000022b7df7f1a0 Exception <a 'java/lang/ClassNotFoundException'{0x00000000ed816958}: org/gradle/api/internal/DefaultDomainObjectCollectionBeanInfo> (0x00000000ed816958) 
thrown [s\open\src\hotspot\share\classfile\systemDictionary.cpp, line 256]
Event: 12.384 Thread 0x0000022b7df7f1a0 Exception <a 'java/lang/ClassNotFoundException'{0x00000000ed81d448}: java/util/AbstractCollectionBeanInfo> (0x00000000ed81d448) 
thrown [s\open\src\hotspot\share\classfile\systemDictionary.cpp, line 256]
Event: 12.384 Thread 0x0000022b7df7f1a0 Exception <a 'java/lang/ClassNotFoundException'{0x00000000ed823f10}: java/util/AbstractCollectionCustomizer> (0x00000000ed823f10) 
thrown [s\open\src\hotspot\share\classfile\systemDictionary.cpp, line 256]
Event: 12.386 Thread 0x0000022b7df7f1a0 Exception <a 'java/lang/ClassNotFoundException'{0x00000000ed8397c8}: org/gradle/api/internal/DefaultDomainObjectCollectionCustomizer> (0x00000000ed8397c8) 
thrown [s\open\src\hotspot\share\classfile\systemDictionary.cpp, line 256]
Event: 12.388 Thread 0x0000022b7df7f1a0 Exception <a 'java/lang/ClassNotFoundException'{0x00000000ed8651f0}: org/gradle/api/internal/DefaultDomainObjectSetCustomizer> (0x00000000ed8651f0) 
thrown [s\open\src\hotspot\share\classfile\systemDictionary.cpp, line 256]
Event: 12.390 Thread 0x0000022b7df7f1a0 Exception <a 'java/lang/ClassNotFoundException'{0x00000000ed87f028}: org/gradle/api/internal/plugins/DefaultPluginCollectionCustomizer> (0x00000000ed87f028) 
thrown [s\open\src\hotspot\share\classfile\systemDictionary.cpp, line 256]
Event: 12.393 Thread 0x0000022b7df7f1a0 Exception <a 'java/lang/ClassNotFoundException'{0x00000000ed8b4890}: org/gradle/api/internal/plugins/DefaultPluginContainerCustomizer> (0x00000000ed8b4890) 
thrown [s\open\src\hotspot\share\classfile\systemDictionary.cpp, line 256]

VM Operations (20 events):
Event: 10.514 Executing VM operation: HandshakeAllThreads
Event: 10.514 Executing VM operation: HandshakeAllThreads done
Event: 10.531 Executing VM operation: ICBufferFull
Event: 10.531 Executing VM operation: ICBufferFull done
Event: 10.953 Executing VM operation: ICBufferFull
Event: 10.953 Executing VM operation: ICBufferFull done
Event: 11.004 Executing VM operation: HandshakeAllThreads
Event: 11.004 Executing VM operation: HandshakeAllThreads done
Event: 11.089 Executing VM operation: HandshakeAllThreads
Event: 11.089 Executing VM operation: HandshakeAllThreads done
Event: 11.330 Executing VM operation: G1CollectForAllocation
Event: 11.340 Executing VM operation: G1CollectForAllocation done
Event: 11.564 Executing VM operation: HandshakeAllThreads
Event: 11.565 Executing VM operation: HandshakeAllThreads done
Event: 11.826 Executing VM operation: HandshakeAllThreads
Event: 11.826 Executing VM operation: HandshakeAllThreads done
Event: 12.105 Executing VM operation: HandshakeAllThreads
Event: 12.105 Executing VM operation: HandshakeAllThreads done
Event: 12.242 Executing VM operation: ICBufferFull
Event: 12.243 Executing VM operation: ICBufferFull done

Events (20 events):
Event: 12.064 loading class java/util/IdentityHashMap$EntryIterator
Event: 12.065 loading class java/util/IdentityHashMap$EntryIterator done
Event: 12.065 loading class java/util/IdentityHashMap$EntryIterator$Entry
Event: 12.066 loading class java/util/IdentityHashMap$EntryIterator$Entry done
Event: 12.163 loading class java/lang/invoke/SerializedLambda$1
Event: 12.164 loading class java/lang/invoke/SerializedLambda$1 done
Event: 12.209 loading class org/xml/sax/Locator
Event: 12.209 loading class org/xml/sax/Locator done
Event: 12.209 loading class org/xml/sax/SAXParseException
Event: 12.210 loading class org/xml/sax/SAXParseException done
Event: 12.211 loading class org/xml/sax/Attributes
Event: 12.211 loading class org/xml/sax/Attributes done
Event: 12.383 loading class java/util/AbstractCollectionBeanInfo
Event: 12.383 loading class java/util/AbstractCollectionBeanInfo done
Event: 12.383 loading class java/util/AbstractCollectionBeanInfo
Event: 12.383 loading class java/util/AbstractCollectionBeanInfo done
Event: 12.384 loading class java/util/AbstractCollectionCustomizer
Event: 12.384 loading class java/util/AbstractCollectionCustomizer done
Event: 12.384 loading class java/util/AbstractCollectionCustomizer
Event: 12.384 loading class java/util/AbstractCollectionCustomizer done


Dynamic libraries:
0x00007ff722380000 - 0x00007ff722390000 	C:\Program Files\Java\jdk-17\bin\java.exe
0x00007ff829420000 - 0x00007ff829680000 	C:\WINDOWS\SYSTEM32\ntdll.dll
0x00007ff827380000 - 0x00007ff827447000 	C:\WINDOWS\System32\KERNEL32.DLL
0x00007ff826a70000 - 0x00007ff826e3a000 	C:\WINDOWS\System32\KERNELBASE.dll
0x00007ff826920000 - 0x00007ff826a6b000 	C:\WINDOWS\System32\ucrtbase.dll
0x00007ff80fd70000 - 0x00007ff80fd89000 	C:\Program Files\Java\jdk-17\bin\jli.dll
0x00007ff80fd90000 - 0x00007ff80fdab000 	C:\Program Files\Java\jdk-17\bin\VCRUNTIME140.dll
0x00007ff8287e0000 - 0x00007ff828892000 	C:\WINDOWS\System32\ADVAPI32.dll
0x00007ff827220000 - 0x00007ff8272c9000 	C:\WINDOWS\System32\msvcrt.dll
0x00007ff8272d0000 - 0x00007ff827376000 	C:\WINDOWS\System32\sechost.dll
0x00007ff8288a0000 - 0x00007ff8289b6000 	C:\WINDOWS\System32\RPCRT4.dll
0x00007ff828170000 - 0x00007ff82833c000 	C:\WINDOWS\System32\USER32.dll
0x00007ff826600000 - 0x00007ff826627000 	C:\WINDOWS\System32\win32u.dll
0x00007ff827d60000 - 0x00007ff827d8a000 	C:\WINDOWS\System32\GDI32.dll
0x00007ff826f80000 - 0x00007ff8270b1000 	C:\WINDOWS\System32\gdi32full.dll
0x00007ff826ed0000 - 0x00007ff826f73000 	C:\WINDOWS\System32\msvcp_win.dll
0x00007ff80c030000 - 0x00007ff80c2c7000 	C:\WINDOWS\WinSxS\amd64_microsoft.windows.common-controls_6595b64144ccf1df_6.0.26100.3624_none_3e086962e3345f24\COMCTL32.dll
0x00007ff81e9c0000 - 0x00007ff81e9cb000 	C:\WINDOWS\SYSTEM32\VERSION.dll
0x00007ff828130000 - 0x00007ff82815f000 	C:\WINDOWS\System32\IMM32.DLL
0x00007ff81e210000 - 0x00007ff81e21c000 	C:\Program Files\Java\jdk-17\bin\vcruntime140_1.dll
0x00007ff80fce0000 - 0x00007ff80fd6e000 	C:\Program Files\Java\jdk-17\bin\msvcp140.dll
0x00007ff80f100000 - 0x00007ff80fcde000 	C:\Program Files\Java\jdk-17\bin\server\jvm.dll
0x00007ff827e60000 - 0x00007ff827e68000 	C:\WINDOWS\System32\PSAPI.DLL
0x00007ff811790000 - 0x00007ff81179a000 	C:\WINDOWS\SYSTEM32\WSOCK32.dll
0x00007ff81c520000 - 0x00007ff81c556000 	C:\WINDOWS\SYSTEM32\WINMM.dll
0x00007ff827f50000 - 0x00007ff827fc4000 	C:\WINDOWS\System32\WS2_32.dll
0x00007ff825530000 - 0x00007ff82554a000 	C:\WINDOWS\SYSTEM32\kernel.appcore.dll
0x00007ff80f0f0000 - 0x00007ff80f0fa000 	C:\Program Files\Java\jdk-17\bin\jimage.dll
0x00007ff812e80000 - 0x00007ff8130c1000 	C:\WINDOWS\SYSTEM32\DBGHELP.DLL
0x00007ff827630000 - 0x00007ff8279b2000 	C:\WINDOWS\System32\combase.dll
0x00007ff828a40000 - 0x00007ff828b16000 	C:\WINDOWS\System32\OLEAUT32.dll
0x00007fff94eb0000 - 0x00007fff94ee9000 	C:\WINDOWS\SYSTEM32\dbgcore.DLL
0x00007ff8270c0000 - 0x00007ff827159000 	C:\WINDOWS\System32\bcryptPrimitives.dll
0x00007ff81fa50000 - 0x00007ff81fa5e000 	C:\Program Files\Java\jdk-17\bin\instrument.dll
0x00007ff80f0b0000 - 0x00007ff80f0d5000 	C:\Program Files\Java\jdk-17\bin\java.dll
0x00007ff80efd0000 - 0x00007ff80f0a7000 	C:\Program Files\Java\jdk-17\bin\jsvml.dll
0x00007ff828b20000 - 0x00007ff829249000 	C:\WINDOWS\System32\SHELL32.dll
0x00007ff826630000 - 0x00007ff826798000 	C:\WINDOWS\System32\wintypes.dll
0x00007ff824270000 - 0x00007ff824ac2000 	C:\WINDOWS\SYSTEM32\windows.storage.dll
0x00007ff829260000 - 0x00007ff82934d000 	C:\WINDOWS\System32\SHCORE.dll
0x00007ff829350000 - 0x00007ff8293b4000 	C:\WINDOWS\System32\shlwapi.dll
0x00007ff826510000 - 0x00007ff82653f000 	C:\WINDOWS\SYSTEM32\profapi.dll
0x00007ff80efb0000 - 0x00007ff80efc8000 	C:\Program Files\Java\jdk-17\bin\zip.dll
0x00007ff80ef90000 - 0x00007ff80efa9000 	C:\Program Files\Java\jdk-17\bin\net.dll
0x00007ff8202a0000 - 0x00007ff8203bd000 	C:\WINDOWS\SYSTEM32\WINHTTP.dll
0x00007ff825a50000 - 0x00007ff825aba000 	C:\WINDOWS\system32\mswsock.dll
0x00007ff80ef70000 - 0x00007ff80ef86000 	C:\Program Files\Java\jdk-17\bin\nio.dll
0x00007ff81e660000 - 0x00007ff81e670000 	C:\Program Files\Java\jdk-17\bin\verify.dll
0x00007ff81ff90000 - 0x00007ff81ffb7000 	C:\Users\subin\.gradle\native\1def1411415f61bf3af743bc5b6707747c0891f09f0c88961ee8f79bc544acac\windows-amd64\native-platform.dll
0x00007fffe8040000 - 0x00007fffe80b8000 	C:\Users\subin\.gradle\native\0.2.7\x86_64-windows-gnu\gradle-fileevents.dll
0x00007ff80eed0000 - 0x00007ff80eeda000 	C:\Program Files\Java\jdk-17\bin\management.dll
0x00007ff80eec0000 - 0x00007ff80eecb000 	C:\Program Files\Java\jdk-17\bin\management_ext.dll
0x00007ff824ee0000 - 0x00007ff824f13000 	C:\WINDOWS\SYSTEM32\IPHLPAPI.DLL
0x00007ff8287d0000 - 0x00007ff8287da000 	C:\WINDOWS\System32\NSI.dll
0x00007ff8204e0000 - 0x00007ff8204ff000 	C:\WINDOWS\SYSTEM32\dhcpcsvc6.DLL
0x00007ff8204b0000 - 0x00007ff8204d5000 	C:\WINDOWS\SYSTEM32\dhcpcsvc.DLL
0x00007ff824f80000 - 0x00007ff8250a5000 	C:\WINDOWS\SYSTEM32\DNSAPI.dll
0x00007ff825cf0000 - 0x00007ff825d0c000 	C:\WINDOWS\SYSTEM32\CRYPTSP.dll
0x00007ff825490000 - 0x00007ff8254ca000 	C:\WINDOWS\system32\rsaenh.dll
0x00007ff825af0000 - 0x00007ff825b1b000 	C:\WINDOWS\SYSTEM32\USERENV.dll
0x00007ff8264e0000 - 0x00007ff826506000 	C:\WINDOWS\SYSTEM32\bcrypt.dll
0x00007ff825d10000 - 0x00007ff825d1c000 	C:\WINDOWS\SYSTEM32\CRYPTBASE.dll
0x00007ff80eeb0000 - 0x00007ff80eebe000 	C:\Program Files\Java\jdk-17\bin\sunmscapi.dll
0x00007ff8267a0000 - 0x00007ff826917000 	C:\WINDOWS\System32\CRYPT32.dll
0x00007ff825ef0000 - 0x00007ff825f20000 	C:\WINDOWS\SYSTEM32\ncrypt.dll
0x00007ff825ea0000 - 0x00007ff825edf000 	C:\WINDOWS\SYSTEM32\NTASN1.dll
0x00007fffa5c80000 - 0x00007fffa5c88000 	C:\WINDOWS\system32\wshunix.dll

dbghelp: loaded successfully - version: 4.0.5 - missing functions: none
symbol engine: initialized successfully - sym options: 0x614 - pdb path: .;C:\Program Files\Java\jdk-17\bin;C:\WINDOWS\SYSTEM32;C:\WINDOWS\WinSxS\amd64_microsoft.windows.common-controls_6595b64144ccf1df_6.0.26100.3624_none_3e086962e3345f24;C:\Program Files\Java\jdk-17\bin\server;C:\Users\subin\.gradle\native\1def1411415f61bf3af743bc5b6707747c0891f09f0c88961ee8f79bc544acac\windows-amd64;C:\Users\subin\.gradle\native\0.2.7\x86_64-windows-gnu

VM Arguments:
jvm_args: --add-opens=java.base/java.lang=ALL-UNNAMED --add-opens=java.base/java.lang.invoke=ALL-UNNAMED --add-opens=java.base/java.util=ALL-UNNAMED --add-opens=java.prefs/java.util.prefs=ALL-UNNAMED --add-exports=jdk.compiler/com.sun.tools.javac.api=ALL-UNNAMED --add-exports=jdk.compiler/com.sun.tools.javac.util=ALL-UNNAMED --add-opens=java.base/java.util=ALL-UNNAMED --add-opens=java.prefs/java.util.prefs=ALL-UNNAMED --add-opens=java.base/java.nio.charset=ALL-UNNAMED --add-opens=java.base/java.net=ALL-UNNAMED --add-opens=java.base/java.util.concurrent.atomic=ALL-UNNAMED --add-opens=java.xml/javax.xml.namespace=ALL-UNNAMED -XX:MaxMetaspaceSize=384m -XX:+HeapDumpOnOutOfMemoryError -Xms256m -Xmx512m -Dfile.encoding=UTF-8 -Duser.country=IN -Duser.language=en -Duser.variant -javaagent:C:\Users\subin\.gradle\wrapper\dists\gradle-8.13-bin\5xuhj0ry160q40clulazy9h7d\gradle-8.13\lib\agents\gradle-instrumentation-agent-8.13.jar 
java_command: org.gradle.launcher.daemon.bootstrap.GradleDaemon 8.13
java_class_path (initial): C:\Users\subin\.gradle\wrapper\dists\gradle-8.13-bin\5xuhj0ry160q40clulazy9h7d\gradle-8.13\lib\gradle-daemon-main-8.13.jar
Launcher Type: SUN_STANDARD

[Global flags]
     intx CICompilerCount                          = 4                                         {product} {ergonomic}
   size_t CompressedClassSpaceSize                 = 335544320                                 {product} {ergonomic}
     uint ConcGCThreads                            = 2                                         {product} {ergonomic}
     uint G1ConcRefinementThreads                  = 8                                         {product} {ergonomic}
   size_t G1HeapRegionSize                         = 1048576                                   {product} {ergonomic}
    uintx GCDrainStackTargetSize                   = 64                                        {product} {ergonomic}
     bool HeapDumpOnOutOfMemoryError               = true                                   {manageable} {command line}
   size_t InitialHeapSize                          = 268435456                                 {product} {command line}
   size_t MarkStackSize                            = 4194304                                   {product} {ergonomic}
   size_t MaxHeapSize                              = 536870912                                 {product} {command line}
   size_t MaxMetaspaceSize                         = 402653184                                 {product} {command line}
   size_t MaxNewSize                               = 321912832                                 {product} {ergonomic}
   size_t MinHeapDeltaBytes                        = 1048576                                   {product} {ergonomic}
   size_t MinHeapSize                              = 268435456                                 {product} {command line}
    uintx NonNMethodCodeHeapSize                   = 5839372                                {pd product} {ergonomic}
    uintx NonProfiledCodeHeapSize                  = 122909434                              {pd product} {ergonomic}
    uintx ProfiledCodeHeapSize                     = 122909434                              {pd product} {ergonomic}
    uintx ReservedCodeCacheSize                    = 251658240                              {pd product} {ergonomic}
     bool SegmentedCodeCache                       = true                                      {product} {ergonomic}
   size_t SoftMaxHeapSize                          = 536870912                              {manageable} {ergonomic}
     bool UseCompressedClassPointers               = true                           {product lp64_product} {ergonomic}
     bool UseCompressedOops                        = true                           {product lp64_product} {ergonomic}
     bool UseG1GC                                  = true                                      {product} {ergonomic}
     bool UseLargePagesIndividualAllocation        = false                                  {pd product} {ergonomic}

Logging:
Log output configuration:
 #0: stdout all=warning uptime,level,tags
 #1: stderr all=off uptime,level,tags

Environment Variables:
JAVA_HOME=C:\Program Files\Java\jdk-17
PATH=C:\Program Files\Common Files\Oracle\Java\javapath;C:\WINDOWS\system32;C:\WINDOWS;C:\WINDOWS\System32\Wbem;C:\WINDOWS\System32\WindowsPowerShell\v1.0\;C:\WINDOWS\System32\OpenSSH\;C:\Program Files\dotnet\;C:\Program Files\Java\jdk1.8.0_202;C:\Program Files\Java\jdk1.8.0_202\bin;C:\Users\surut\Downloads\apache-maven-3.8.6-bin\apache-maven-3.8.6\bin;C:\Program Files\Git\cmd;C:\Program Files (x86)\NVIDIA Corporation\PhysX\Common;C:\Program Files\Docker\Docker\resources\bin;C:\Users\subin\AppData\Local\Microsoft\WindowsApps;C:\Program Files\Java\jdk1.8.0_202;
USERNAME=subin
OS=Windows_NT
PROCESSOR_IDENTIFIER=Intel64 Family 6 Model 140 Stepping 1, GenuineIntel



---------------  S Y S T E M  ---------------

OS:
 Windows 11 , 64 bit Build 26100 (10.0.26100.3775)
OS uptime: 1 days 1:35 hours
Hyper-V role detected

CPU: total 8 (initial active 8) (4 cores per cpu, 2 threads per core) family 6 model 140 stepping 1 microcode 0xb8, cx8, cmov, fxsr, ht, mmx, 3dnowpref, sse, sse2, sse3, ssse3, sse4.1, sse4.2, popcnt, lzcnt, tsc, tscinvbit, avx, avx2, aes, erms, clmul, bmi1, bmi2, adx, avx512f, avx512dq, avx512cd, avx512bw, avx512vl, sha, fma, vzeroupper, avx512_vpopcntdq, avx512_vpclmulqdq, avx512_vaes, avx512_vnni, clflush, clflushopt, clwb, avx512_vbmi2, avx512_vbmi, hv

Memory: 4k page, system-wide physical 7914M (419M free)
TotalPageFile size 23014M (AvailPageFile size 7M)
current process WorkingSet (physical memory assigned to process): 385M, peak: 385M
current process commit charge ("private bytes"): 478M, peak: 479M

vm_info: Java HotSpot(TM) 64-Bit Server VM (17.0.8+9-LTS-211) for windows-amd64 JRE (17.0.8+9-LTS-211), built on Jun 14 2023 10:34:31 by "mach5one" with MS VC++ 17.1 (VS2022)

END.
